This is pdfTeX, Version 3.141592653-2.6-1.40.26 (TeX Live 2024) (preloaded format=pdflatex 2024.6.10)  25 AUG 2025 16:24
entering extended mode
 restricted \write18 enabled.
 %&-line parsing enabled.
**\input ./Rd2.tex \input ./Rd2.tex \input ./Rd2.tex \input ./Rd2.tex
(./Rd2.tex
(/usr/local/texlive/2024/texmf-dist/tex/latex/base/book.cls
Document Class: book 2023/05/17 v1.4n Standard LaTeX document class
(/usr/local/texlive/2024/texmf-dist/tex/latex/base/bk10.clo
File: bk10.clo 2023/05/17 v1.4n Standard LaTeX file (size option)
)
\c@part=\count188
\c@chapter=\count189
\c@section=\count190
\c@subsection=\count191
\c@subsubsection=\count192
\c@paragraph=\count193
\c@subparagraph=\count194
\c@figure=\count195
\c@table=\count196
\abovecaptionskip=\skip48
\belowcaptionskip=\skip49
\bibindent=\dimen140
)
(/Library/Frameworks/R.framework/Resources/share/texmf/tex/latex/Rd.sty
Package: Rd 

(/usr/local/texlive/2024/texmf-dist/tex/latex/base/ifthen.sty
Package: ifthen 2022/04/13 v1.1d Standard LaTeX ifthen package (DPC)
)
(/usr/local/texlive/2024/texmf-dist/tex/generic/iftex/iftex.sty
Package: iftex 2022/02/03 v1.0f TeX engine tests
)
(/usr/local/texlive/2024/texmf-dist/tex/latex/tools/longtable.sty
Package: longtable 2023-11-01 v4.19 Multi-page Table package (DPC)
\LTleft=\skip50
\LTright=\skip51
\LTpre=\skip52
\LTpost=\skip53
\LTchunksize=\count197
\LTcapwidth=\dimen141
\LT@head=\box51
\LT@firsthead=\box52
\LT@foot=\box53
\LT@lastfoot=\box54
\LT@gbox=\box55
\LT@cols=\count198
\LT@rows=\count199
\c@LT@tables=\count266
\c@LT@chunks=\count267
\LT@p@ftn=\toks17
)
(/usr/local/texlive/2024/texmf-dist/tex/latex/tools/bm.sty
Package: bm 2023/07/08 v1.2f Bold Symbol Support (DPC/FMi)
\symboldoperators=\mathgroup4
\symboldletters=\mathgroup5
\symboldsymbols=\mathgroup6
Package bm Info: No bold for \OMX/cmex/m/n, using \pmb.
LaTeX Font Info:    Redeclaring math alphabet \mathbf on input line 149.
)
(/usr/local/texlive/2024/texmf-dist/tex/latex/base/alltt.sty
Package: alltt 2021/01/29 v2.0g defines alltt environment
)
(/usr/local/texlive/2024/texmf-dist/tex/latex/tools/verbatim.sty
Package: verbatim 2023-11-06 v1.5v LaTeX2e package for verbatim enhancements
\every@verbatim=\toks18
\verbatim@line=\toks19
\verbatim@in@stream=\read2
)
(/usr/local/texlive/2024/texmf-dist/tex/latex/url/url.sty
\Urlmuskip=\muskip16
Package: url 2013/09/16  ver 3.4  Verb mode for urls, etc.
)
(/usr/local/texlive/2024/texmf-dist/tex/latex/base/textcomp.sty
Package: textcomp 2020/02/02 v2.0n Standard LaTeX package
)
(/usr/local/texlive/2024/texmf-dist/tex/latex/amsmath/amsmath.sty
Package: amsmath 2023/05/13 v2.17o AMS math features
\@mathmargin=\skip54

For additional information on amsmath, use the `?' option.
(/usr/local/texlive/2024/texmf-dist/tex/latex/amsmath/amstext.sty
Package: amstext 2021/08/26 v2.01 AMS text

(/usr/local/texlive/2024/texmf-dist/tex/latex/amsmath/amsgen.sty
File: amsgen.sty 1999/11/30 v2.0 generic functions
\@emptytoks=\toks20
\ex@=\dimen142
))
(/usr/local/texlive/2024/texmf-dist/tex/latex/amsmath/amsbsy.sty
Package: amsbsy 1999/11/29 v1.2d Bold Symbols
LaTeX Info: Redefining \boldsymbol on input line 28.
\pmbraise@=\dimen143
)
(/usr/local/texlive/2024/texmf-dist/tex/latex/amsmath/amsopn.sty
Package: amsopn 2022/04/08 v2.04 operator names
)
\inf@bad=\count268
LaTeX Info: Redefining \frac on input line 234.
\uproot@=\count269
\leftroot@=\count270
LaTeX Info: Redefining \overline on input line 399.
LaTeX Info: Redefining \colon on input line 410.
\classnum@=\count271
\DOTSCASE@=\count272
LaTeX Info: Redefining \ldots on input line 496.
LaTeX Info: Redefining \dots on input line 499.
LaTeX Info: Redefining \cdots on input line 620.
\Mathstrutbox@=\box56
\strutbox@=\box57
LaTeX Info: Redefining \big on input line 722.
LaTeX Info: Redefining \Big on input line 723.
LaTeX Info: Redefining \bigg on input line 724.
LaTeX Info: Redefining \Bigg on input line 725.
\big@size=\dimen144
LaTeX Font Info:    Redeclaring font encoding OML on input line 743.
LaTeX Font Info:    Redeclaring font encoding OMS on input line 744.
\macc@depth=\count273
LaTeX Info: Redefining \bmod on input line 905.
LaTeX Info: Redefining \pmod on input line 910.
LaTeX Info: Redefining \smash on input line 940.
LaTeX Info: Redefining \relbar on input line 970.
LaTeX Info: Redefining \Relbar on input line 971.
\c@MaxMatrixCols=\count274
\dotsspace@=\muskip17
\c@parentequation=\count275
\dspbrk@lvl=\count276
\tag@help=\toks21
\row@=\count277
\column@=\count278
\maxfields@=\count279
\andhelp@=\toks22
\eqnshift@=\dimen145
\alignsep@=\dimen146
\tagshift@=\dimen147
\tagwidth@=\dimen148
\totwidth@=\dimen149
\lineht@=\dimen150
\@envbody=\toks23
\multlinegap=\skip55
\multlinetaggap=\skip56
\mathdisplay@stack=\toks24
LaTeX Info: Redefining \[ on input line 2953.
LaTeX Info: Redefining \] on input line 2954.
)
(/usr/local/texlive/2024/texmf-dist/tex/latex/amsfonts/amsfonts.sty
Package: amsfonts 2013/01/14 v3.01 Basic AMSFonts support
\symAMSa=\mathgroup7
\symAMSb=\mathgroup8
LaTeX Font Info:    Redeclaring math symbol \hbar on input line 98.
LaTeX Font Info:    Overwriting math alphabet `\mathfrak' in version `bold'
(Font)                  U/euf/m/n --> U/euf/b/n on input line 106.
)
(/usr/local/texlive/2024/texmf-dist/tex/latex/amsfonts/amssymb.sty
Package: amssymb 2013/01/14 v3.01 AMS font symbols
)
(/usr/local/texlive/2024/texmf-dist/tex/latex/jknapltx/mathrsfs.sty
Package: mathrsfs 1996/01/01 Math RSFS package v1.0 (jk)
\symrsfs=\mathgroup9
)
\ldescriptionwidth=\skip57

(/usr/local/texlive/2024/texmf-dist/tex/latex/base/fontenc.sty
Package: fontenc 2021/04/29 v2.0v Standard LaTeX package
)
(/usr/local/texlive/2024/texmf-dist/tex/latex/psnfss/times.sty
Package: times 2020/03/25 PSNFSS-v9.3 (SPQR) 
)
(/usr/local/texlive/2024/texmf-dist/tex/latex/inconsolata/zi4.sty
Package: zi4 2019/05/17 v1.12

`inconsolata-zi4' v1.12, 2019/05/17 Text macros for Inconsolata (msharpe)
(/usr/local/texlive/2024/texmf-dist/tex/latex/xkeyval/xkeyval.sty
Package: xkeyval 2022/06/16 v2.9 package option processing (HA)

(/usr/local/texlive/2024/texmf-dist/tex/generic/xkeyval/xkeyval.tex
(/usr/local/texlive/2024/texmf-dist/tex/generic/xkeyval/xkvutils.tex
\XKV@toks=\toks25
\XKV@tempa@toks=\toks26

(/usr/local/texlive/2024/texmf-dist/tex/generic/xkeyval/keyval.tex))
\XKV@depth=\count280
File: xkeyval.tex 2014/12/03 v2.7a key=value parser (HA)
))
\zifour@ocount=\count281
)
(/usr/local/texlive/2024/texmf-dist/tex/latex/graphics/color.sty
Package: color 2022/01/06 v1.3d Standard LaTeX Color (DPC)

(/usr/local/texlive/2024/texmf-dist/tex/latex/graphics-cfg/color.cfg
File: color.cfg 2016/01/02 v1.6 sample color configuration
)
Package color Info: Driver file: pdftex.def on input line 149.

(/usr/local/texlive/2024/texmf-dist/tex/latex/graphics-def/pdftex.def
File: pdftex.def 2022/09/22 v1.2b Graphics/color driver for pdftex
)
(/usr/local/texlive/2024/texmf-dist/tex/latex/graphics/mathcolor.ltx))
(/usr/local/texlive/2024/texmf-dist/tex/latex/hyperref/hyperref.sty
Package: hyperref 2024-01-20 v7.01h Hypertext links for LaTeX

(/usr/local/texlive/2024/texmf-dist/tex/latex/kvsetkeys/kvsetkeys.sty
Package: kvsetkeys 2022-10-05 v1.19 Key value parser (HO)
)
(/usr/local/texlive/2024/texmf-dist/tex/generic/kvdefinekeys/kvdefinekeys.sty
Package: kvdefinekeys 2019-12-19 v1.6 Define keys (HO)
)
(/usr/local/texlive/2024/texmf-dist/tex/generic/pdfescape/pdfescape.sty
Package: pdfescape 2019/12/09 v1.15 Implements pdfTeX's escape features (HO)

(/usr/local/texlive/2024/texmf-dist/tex/generic/ltxcmds/ltxcmds.sty
Package: ltxcmds 2023-12-04 v1.26 LaTeX kernel commands for general use (HO)
)
(/usr/local/texlive/2024/texmf-dist/tex/generic/pdftexcmds/pdftexcmds.sty
Package: pdftexcmds 2020-06-27 v0.33 Utility functions of pdfTeX for LuaTeX (HO
)

(/usr/local/texlive/2024/texmf-dist/tex/generic/infwarerr/infwarerr.sty
Package: infwarerr 2019/12/03 v1.5 Providing info/warning/error messages (HO)
)
Package pdftexcmds Info: \pdf@primitive is available.
Package pdftexcmds Info: \pdf@ifprimitive is available.
Package pdftexcmds Info: \pdfdraftmode found.
))
(/usr/local/texlive/2024/texmf-dist/tex/latex/hycolor/hycolor.sty
Package: hycolor 2020-01-27 v1.10 Color options for hyperref/bookmark (HO)
)
(/usr/local/texlive/2024/texmf-dist/tex/latex/auxhook/auxhook.sty
Package: auxhook 2019-12-17 v1.6 Hooks for auxiliary files (HO)
)
(/usr/local/texlive/2024/texmf-dist/tex/latex/hyperref/nameref.sty
Package: nameref 2023-11-26 v2.56 Cross-referencing by name of section

(/usr/local/texlive/2024/texmf-dist/tex/latex/refcount/refcount.sty
Package: refcount 2019/12/15 v3.6 Data extraction from label references (HO)
)
(/usr/local/texlive/2024/texmf-dist/tex/generic/gettitlestring/gettitlestring.s
ty
Package: gettitlestring 2019/12/15 v1.6 Cleanup title references (HO)
 (/usr/local/texlive/2024/texmf-dist/tex/latex/kvoptions/kvoptions.sty
Package: kvoptions 2022-06-15 v3.15 Key value format for package options (HO)
))
\c@section@level=\count282
)
(/usr/local/texlive/2024/texmf-dist/tex/latex/etoolbox/etoolbox.sty
Package: etoolbox 2020/10/05 v2.5k e-TeX tools for LaTeX (JAW)
\etb@tempcnta=\count283
)
\@linkdim=\dimen151
\Hy@linkcounter=\count284
\Hy@pagecounter=\count285

(/usr/local/texlive/2024/texmf-dist/tex/latex/hyperref/pd1enc.def
File: pd1enc.def 2024-01-20 v7.01h Hyperref: PDFDocEncoding definition (HO)
Now handling font encoding PD1 ...
... no UTF-8 mapping file for font encoding PD1
)
(/usr/local/texlive/2024/texmf-dist/tex/generic/intcalc/intcalc.sty
Package: intcalc 2019/12/15 v1.3 Expandable calculations with integers (HO)
)
\Hy@SavedSpaceFactor=\count286

(/usr/local/texlive/2024/texmf-dist/tex/latex/hyperref/puenc.def
File: puenc.def 2024-01-20 v7.01h Hyperref: PDF Unicode definition (HO)
Now handling font encoding PU ...
... no UTF-8 mapping file for font encoding PU
)
Package hyperref Info: Hyper figures OFF on input line 4179.
Package hyperref Info: Link nesting OFF on input line 4184.
Package hyperref Info: Hyper index ON on input line 4187.
Package hyperref Info: Plain pages OFF on input line 4194.
Package hyperref Info: Backreferencing OFF on input line 4199.
Package hyperref Info: Implicit mode ON; LaTeX internals redefined.
Package hyperref Info: Bookmarks ON on input line 4446.
\c@Hy@tempcnt=\count287
LaTeX Info: Redefining \url on input line 4784.
\XeTeXLinkMargin=\dimen152

(/usr/local/texlive/2024/texmf-dist/tex/generic/bitset/bitset.sty
Package: bitset 2019/12/09 v1.3 Handle bit-vector datatype (HO)

(/usr/local/texlive/2024/texmf-dist/tex/generic/bigintcalc/bigintcalc.sty
Package: bigintcalc 2019/12/15 v1.5 Expandable calculations on big integers (HO
)
))
\Fld@menulength=\count288
\Field@Width=\dimen153
\Fld@charsize=\dimen154
Package hyperref Info: Hyper figures OFF on input line 6063.
Package hyperref Info: Link nesting OFF on input line 6068.
Package hyperref Info: Hyper index ON on input line 6071.
Package hyperref Info: backreferencing OFF on input line 6078.
Package hyperref Info: Link coloring OFF on input line 6083.
Package hyperref Info: Link coloring with OCG OFF on input line 6088.
Package hyperref Info: PDF/A mode OFF on input line 6093.

(/usr/local/texlive/2024/texmf-dist/tex/latex/base/atbegshi-ltx.sty
Package: atbegshi-ltx 2021/01/10 v1.0c Emulation of the original atbegshi
package with kernel methods
)
\Hy@abspage=\count289
\c@Item=\count290
\c@Hfootnote=\count291
)
Package hyperref Info: Driver (autodetected): hpdftex.

(/usr/local/texlive/2024/texmf-dist/tex/latex/hyperref/hpdftex.def
File: hpdftex.def 2024-01-20 v7.01h Hyperref driver for pdfTeX

(/usr/local/texlive/2024/texmf-dist/tex/latex/base/atveryend-ltx.sty
Package: atveryend-ltx 2020/08/19 v1.0a Emulation of the original atveryend pac
kage
with kernel methods
)
\Fld@listcount=\count292
\c@bookmark@seq@number=\count293

(/usr/local/texlive/2024/texmf-dist/tex/latex/rerunfilecheck/rerunfilecheck.sty
Package: rerunfilecheck 2022-07-10 v1.10 Rerun checks for auxiliary files (HO)

(/usr/local/texlive/2024/texmf-dist/tex/generic/uniquecounter/uniquecounter.sty
Package: uniquecounter 2019/12/15 v1.4 Provide unlimited unique counter (HO)
)
Package uniquecounter Info: New unique counter `rerunfilecheck' on input line 2
85.
)
\Hy@SectionHShift=\skip58
)
Package hyperref Info: Option `colorlinks' set `true' on input line 413.
Package hyperref Info: Option `linktocpage' set `true' on input line 413.
Package hyperref Info: Option `plainpages' set `false' on input line 413.
) (/usr/local/texlive/2024/texmf-dist/tex/latex/base/makeidx.sty
Package: makeidx 2021/10/04 v1.0m Standard LaTeX package
)
\@indexfile=\write3
\openout3 = `Rd2.idx'.


Writing index file Rd2.idx
LaTeX Font Info:    Trying to load font information for T1+ptm on input line 8.

(/usr/local/texlive/2024/texmf-dist/tex/latex/psnfss/t1ptm.fd
File: t1ptm.fd 2001/06/04 font definitions for T1/ptm.
)
(/usr/local/texlive/2024/texmf-dist/tex/latex/l3backend/l3backend-pdftex.def
File: l3backend-pdftex.def 2024-02-20 L3 backend support: PDF output (pdfTeX)
\l__color_backend_stack_int=\count294
\l__pdf_internal_box=\box58
)
(/private/var/folders/4y/h4jdmmt969184lmkpsr8h1hc0000gp/T/RtmpvKKIKG/Rd2pdfbb2a
58142704/Rd2.aux)
\openout1 = `Rd2.aux'.

LaTeX Font Info:    Checking defaults for OML/cmm/m/it on input line 8.
LaTeX Font Info:    ... okay on input line 8.
LaTeX Font Info:    Checking defaults for OMS/cmsy/m/n on input line 8.
LaTeX Font Info:    ... okay on input line 8.
LaTeX Font Info:    Checking defaults for OT1/cmr/m/n on input line 8.
LaTeX Font Info:    ... okay on input line 8.
LaTeX Font Info:    Checking defaults for T1/cmr/m/n on input line 8.
LaTeX Font Info:    ... okay on input line 8.
LaTeX Font Info:    Checking defaults for TS1/cmr/m/n on input line 8.
LaTeX Font Info:    ... okay on input line 8.
LaTeX Font Info:    Checking defaults for OMX/cmex/m/n on input line 8.
LaTeX Font Info:    ... okay on input line 8.
LaTeX Font Info:    Checking defaults for U/cmr/m/n on input line 8.
LaTeX Font Info:    ... okay on input line 8.
LaTeX Font Info:    Checking defaults for PD1/pdf/m/n on input line 8.
LaTeX Font Info:    ... okay on input line 8.
LaTeX Font Info:    Checking defaults for PU/pdf/m/n on input line 8.
LaTeX Font Info:    ... okay on input line 8.

(/usr/local/texlive/2024/texmf-dist/tex/context/base/mkii/supp-pdf.mkii
[Loading MPS to PDF converter (version 2006.09.02).]
\scratchcounter=\count295
\scratchdimen=\dimen155
\scratchbox=\box59
\nofMPsegments=\count296
\nofMParguments=\count297
\everyMPshowfont=\toks27
\MPscratchCnt=\count298
\MPscratchDim=\dimen156
\MPnumerator=\count299
\makeMPintoPDFobject=\count300
\everyMPtoPDFconversion=\toks28
)
Package hyperref Info: Link coloring ON on input line 8.

(/private/var/folders/4y/h4jdmmt969184lmkpsr8h1hc0000gp/T/RtmpvKKIKG/Rd2pdfbb2a
58142704/Rd2.out)
(/private/var/folders/4y/h4jdmmt969184lmkpsr8h1hc0000gp/T/RtmpvKKIKG/Rd2pdfbb2a
58142704/Rd2.out)
\@outlinefile=\write4
\openout4 = `Rd2.out'.

LaTeX Font Info:    Trying to load font information for T1+zi4 on input line 21
.

(/usr/local/texlive/2024/texmf-dist/tex/latex/inconsolata/t1zi4.fd
File: t1zi4.fd 2018/01/14 T1/zi4 (Inconsolata)
)
LaTeX Font Info:    Font shape `T1/zi4/m/n' will be
(Font)              scaled to size 10.0pt on input line 21.
LaTeX Font Info:    Trying to load font information for TS1+ptm on input line 2
3.

(/usr/local/texlive/2024/texmf-dist/tex/latex/psnfss/ts1ptm.fd
File: ts1ptm.fd 2001/06/04 font definitions for TS1/ptm.
)
LaTeX Font Info:    Trying to load font information for U+msa on input line 25.


(/usr/local/texlive/2024/texmf-dist/tex/latex/amsfonts/umsa.fd
File: umsa.fd 2013/01/14 v3.01 AMS symbols A
)
LaTeX Font Info:    Trying to load font information for U+msb on input line 25.


(/usr/local/texlive/2024/texmf-dist/tex/latex/amsfonts/umsb.fd
File: umsb.fd 2013/01/14 v3.01 AMS symbols B
)
LaTeX Font Info:    Trying to load font information for U+rsfs on input line 25
.

(/usr/local/texlive/2024/texmf-dist/tex/latex/jknapltx/ursfs.fd
File: ursfs.fd 1998/03/24 rsfs font definition file (jk)
)
(/private/var/folders/4y/h4jdmmt969184lmkpsr8h1hc0000gp/T/RtmpvKKIKG/Rd2pdfbb2a
58142704/Rd2.toc [1


{/usr/local/texlive/2024/texmf-var/fonts/map/pdftex/updmap/pdftex.map}{/usr/loc
al/texlive/2024/texmf-dist/fonts/enc/dvips/base/8r.enc}{/usr/local/texlive/2024
/texmf-dist/fonts/enc/dvips/inconsolata/i4-t1-0.enc}]
[2])
\tf@toc=\write5
\openout5 = `Rd2.toc'.

 [3]
Overfull \hbox (0.82867pt too wide) in paragraph at lines 116--118
[]\T1/ptm/m/n/10 An un-quoted ex-pres-sion which cor-re-sponds to a vari-able (
col-umn) in []\T1/zi4/m/n/10 data []\T1/ptm/m/n/10 which
 []


Overfull \hbox (24.5887pt too wide) in paragraph at lines 123--128
[]\T1/ptm/m/n/10 Optional named vec-tor of user-defined val-ues for bi-nary val
-ues us-ing []\T1/zi4/m/n/10 binary_label_1
 []


Overfull \hbox (2.12885pt too wide) in paragraph at lines 129--132
[]\T1/ptm/m/n/10 Minimum fre-quency of oc-cur-rence [][][]\T1/zi4/m/n/10 extrac
t_freetext[][][] []\T1/ptm/m/n/10 will use to ex-tract groups
 []

[4]
Overfull \hbox (25.79959pt too wide) in paragraph at lines 161--165
[]\T1/ptm/m/n/10 Other high level func-tion-al-ity: [][][]\T1/zi4/m/n/10 assess
_quality[][][]()[]\T1/ptm/m/n/10 , [][][]\T1/zi4/m/n/10 review_quality_ctrl[][]
[]()[]\T1/ptm/m/n/10 , [][][]\T1/zi4/m/n/10 semantic_enrichment[][][]() 
 []

LaTeX Font Info:    Font shape `T1/zi4/m/n' will be
(Font)              scaled to size 9.0pt on input line 168.
[5]
Overfull \hbox (0.82867pt too wide) in paragraph at lines 212--214
[]\T1/ptm/m/n/10 An un-quoted ex-pres-sion which cor-re-sponds to a vari-able (
col-umn) in []\T1/zi4/m/n/10 data []\T1/ptm/m/n/10 which
 []


Overfull \hbox (50.96628pt too wide) in paragraph at lines 223--225
[]\T1/ptm/m/n/10 A tib-ble de-tail-ing com-plete-ness of vari-ables (columns) (
via [][][]\T1/zi4/m/n/10 variable_completeness[][][][]\T1/ptm/m/n/10 ). 
 []


Overfull \hbox (64.78928pt too wide) in paragraph at lines 243--249
[]\T1/ptm/m/n/10 Other mea-sures of com-plete-ness: [][][]\T1/zi4/m/n/10 compar
e_completeness[][][]()[]\T1/ptm/m/n/10 , [][][]\T1/zi4/m/n/10 completeness_heat
map[][][]()[]\T1/ptm/m/n/10 , [][][]\T1/zi4/m/n/10 plot_completeness[][][]()[]\
T1/ptm/m/n/10 ,
 []

[6]
Overfull \hbox (0.82867pt too wide) in paragraph at lines 290--292
[]\T1/ptm/m/n/10 An un-quoted ex-pres-sion which cor-re-sponds to a vari-able (
col-umn) in []\T1/zi4/m/n/10 data []\T1/ptm/m/n/10 which
 []


Overfull \hbox (40.43805pt too wide) in paragraph at lines 318--320
[]\T1/ptm/m/n/10 - Names of vari-ables (columns) with zero en-tropy (via [][][]
\T1/zi4/m/n/10 zero_entropy_variables[][][][]\T1/ptm/m/n/10 ) 
 []

[7]
Overfull \hbox (45.79959pt too wide) in paragraph at lines 357--361
[]\T1/ptm/m/n/10 Other high level func-tion-al-ity: [][][]\T1/zi4/m/n/10 apply_
quality_ctrl[][][]()[]\T1/ptm/m/n/10 , [][][]\T1/zi4/m/n/10 review_quality_ctrl
[][][]()[]\T1/ptm/m/n/10 , [][][]\T1/zi4/m/n/10 semantic_enrichment[][][]() 
 []

Package textcomp Info: Symbol \textasciigrave not provided by
(textcomp)             font family zi4 in TS1 encoding.
(textcomp)             Default family used instead on input line 373.
LaTeX Font Info:    Trying to load font information for T1+cmtt on input line 3
73.
(/usr/local/texlive/2024/texmf-dist/tex/latex/base/t1cmtt.fd
File: t1cmtt.fd 2023/04/13 v2.5m Standard LaTeX font definitions
)
LaTeX Font Info:    Trying to load font information for TS1+cmtt on input line 
373.

(/usr/local/texlive/2024/texmf-dist/tex/latex/base/ts1cmtt.fd
File: ts1cmtt.fd 2023/04/13 v2.5m Standard LaTeX font definitions
)
Package textcomp Info: Symbol \textasciigrave not provided by
(textcomp)             font family zi4 in TS1 encoding.
(textcomp)             Default family used instead on input line 373.
Package textcomp Info: Symbol \textasciigrave not provided by
(textcomp)             font family zi4 in TS1 encoding.
(textcomp)             Default family used instead on input line 379.
Package textcomp Info: Symbol \textasciigrave not provided by
(textcomp)             font family zi4 in TS1 encoding.
(textcomp)             Default family used instead on input line 379.

Overfull \hbox (0.76248pt too wide) in paragraph at lines 380--380
 []\T1/zi4/m/n/9 bean_rules <- tibble::tribble(~varA, ~varB, ~lgl_test, ~varA_b
oundaries, ~varB_boundaries,[] 
 []

[8{/usr/local/texlive/2024/texmf-dist/fonts/enc/dvips/cm-super/cm-super-ts1.enc
}] [9]
Overfull \hbox (59.78928pt too wide) in paragraph at lines 538--544
[]\T1/ptm/m/n/10 Other mea-sures of com-plete-ness: [][][]\T1/zi4/m/n/10 assess
_completeness[][][]()[]\T1/ptm/m/n/10 , [][][]\T1/zi4/m/n/10 completeness_heatm
ap[][][]()[]\T1/ptm/m/n/10 , [][][]\T1/zi4/m/n/10 plot_completeness[][][]()[]\T
1/ptm/m/n/10 ,
 []

[10] [11] [12] [13]
Overfull \hbox (59.78928pt too wide) in paragraph at lines 742--748
[]\T1/ptm/m/n/10 Other mea-sures of com-plete-ness: [][][]\T1/zi4/m/n/10 assess
_completeness[][][]()[]\T1/ptm/m/n/10 , [][][]\T1/zi4/m/n/10 compare_completene
ss[][][]()[]\T1/ptm/m/n/10 , [][][]\T1/zi4/m/n/10 plot_completeness[][][]()[]\T
1/ptm/m/n/10 ,
 []

[14] [15] [16] [17] [18]
Overfull \hbox (46.78735pt too wide) in paragraph at lines 1025--1029
[]\T1/ptm/m/n/10 In a data frame, con-verts bi-nary cat-e-gories to fac-tors. O
r-der-ing of lev-els is stan-dard-ised to: []\T1/zi4/m/n/10 negative_finding,
 []


Overfull \hbox (24.5887pt too wide) in paragraph at lines 1047--1050
[]\T1/ptm/m/n/10 Optional named vec-tor of user-defined val-ues for bi-nary val
-ues us-ing []\T1/zi4/m/n/10 binary_label_1
 []

[19]
Overfull \hbox (24.5887pt too wide) in paragraph at lines 1097--1100
[]\T1/ptm/m/n/10 Optional named vec-tor of user-defined val-ues for bi-nary val
-ues us-ing []\T1/zi4/m/n/10 binary_label_1
 []

[20] [21] [22] [23]
Package textcomp Info: Symbol \textasciigrave not provided by
(textcomp)             font family zi4 in TS1 encoding.
(textcomp)             Default family used instead on input line 1294.
Package textcomp Info: Symbol \textasciigrave not provided by
(textcomp)             font family zi4 in TS1 encoding.
(textcomp)             Default family used instead on input line 1294.
Package textcomp Info: Symbol \textasciigrave not provided by
(textcomp)             font family zi4 in TS1 encoding.
(textcomp)             Default family used instead on input line 1295.
Package textcomp Info: Symbol \textasciigrave not provided by
(textcomp)             font family zi4 in TS1 encoding.
(textcomp)             Default family used instead on input line 1295.
Package textcomp Info: Symbol \textasciigrave not provided by
(textcomp)             font family zi4 in TS1 encoding.
(textcomp)             Default family used instead on input line 1301.
Package textcomp Info: Symbol \textasciigrave not provided by
(textcomp)             font family zi4 in TS1 encoding.
(textcomp)             Default family used instead on input line 1301.
 [24]
LaTeX Font Info:    Trying to load font information for T1+phv on input line 13
72.

(/usr/local/texlive/2024/texmf-dist/tex/latex/psnfss/t1phv.fd
File: t1phv.fd 2020/03/25 scalable font definitions for T1/phv.
) [25] [26]
[27] [28]
Overfull \hbox (8.05658pt too wide) in paragraph at lines 1613--1615
[]\T1/ptm/m/n/10 Feinerer I, Hornik K (2020). _tm: Text Min-ing Pack-age_. R pa
ck-age ver-sion 0.7-8, <https://CRAN.R-
 []

[29] [30] [31]
Package textcomp Info: Symbol \textasciigrave not provided by
(textcomp)             font family zi4 in TS1 encoding.
(textcomp)             Default family used instead on input line 1753.
Package textcomp Info: Symbol \textasciigrave not provided by
(textcomp)             font family zi4 in TS1 encoding.
(textcomp)             Default family used instead on input line 1753.
Package textcomp Info: Symbol \textasciigrave not provided by
(textcomp)             font family zi4 in TS1 encoding.
(textcomp)             Default family used instead on input line 1759.
Package textcomp Info: Symbol \textasciigrave not provided by
(textcomp)             font family zi4 in TS1 encoding.
(textcomp)             Default family used instead on input line 1759.

Overfull \hbox (0.76248pt too wide) in paragraph at lines 1760--1760
 []\T1/zi4/m/n/9 bean_rules <- tibble::tribble(~varA, ~varB, ~lgl_test, ~varA_b
oundaries, ~varB_boundaries,[] 
 []

[32]
LaTeX Font Info:    Trying to load font information for TS1+zi4 on input line 1
824.
 (/usr/local/texlive/2024/texmf-dist/tex/latex/inconsolata/ts1zi4.fd
File: ts1zi4.fd 2018/01/14 TS1/zi4 (Inconsolata)
)
LaTeX Font Info:    Font shape `TS1/zi4/m/n' will be
(Font)              scaled to size 9.0pt on input line 1824.

[33{/usr/local/texlive/2024/texmf-dist/fonts/enc/dvips/inconsolata/i4-ts1.enc}]
[34]
Overfull \hbox (125.62906pt too wide) in paragraph at lines 1997--2001
[]\T1/ptm/m/n/10 Other se-man-tic en-rich-ment func-tions: [][][]\T1/zi4/m/n/10
 metavariable_agg[][][]()[]\T1/ptm/m/n/10 , [][][]\T1/zi4/m/n/10 metavariable_i
nfo[][][]()[]\T1/ptm/m/n/10 , [][][]\T1/zi4/m/n/10 metavariable_variable_descen
dants[][][]() 
 []

[35]
LaTeX Font Info:    Font shape `TS1/zi4/m/n' will be
(Font)              scaled to size 10.0pt on input line 2059.
 [36]
Overfull \hbox (6.33867pt too wide) in paragraph at lines 2084--2087
\T1/ptm/m/n/10 ing val-ues will be sup-plied by val-ues in cor-re-spond-ing row
s from []\T1/zi4/m/n/10 secondary_var[]\T1/ptm/m/n/10 . 
 []


Overfull \hbox (76.32816pt too wide) in paragraph at lines 2091--2093
[]\T1/ptm/m/n/10 character con-stant. Name for merged vari-able. De-fault: [[]\
T1/zi4/m/n/10 primary_var[]\T1/ptm/m/n/10 ]_[[]\T1/zi4/m/n/10 secondary_var[]\T
1/ptm/m/n/10 ]_merged 
 []

[37]
Overfull \hbox (79.50598pt too wide) in paragraph at lines 2172--2182
\T1/ptm/m/n/10 is-sue with [][][]\T1/zi4/m/n/10 tidygraph[][][] []\T1/ptm/m/n/1
0 which may be re-solved in a fu-ture re-lease: <https://github.com/thomasp85/t
idygraph/issues/131>.
 []


Overfull \hbox (111.86583pt too wide) in paragraph at lines 2172--2182
\T1/ptm/m/n/10 to be an is-sue with [][][]\T1/zi4/m/n/10 tidygraph[][][] []\T1/
ptm/m/n/10 which may be re-solved in a fu-ture re-lease: <https://github.com/th
omasp85/tidygraph/issues/156>.
 []


Overfull \hbox (135.62906pt too wide) in paragraph at lines 2185--2189
[]\T1/ptm/m/n/10 Other se-man-tic en-rich-ment func-tions: [][][]\T1/zi4/m/n/10
 join_vars_to_ontol[][][]()[]\T1/ptm/m/n/10 , [][][]\T1/zi4/m/n/10 metavariable
_info[][][]()[]\T1/ptm/m/n/10 , [][][]\T1/zi4/m/n/10 metavariable_variable_desc
endants[][][]() 
 []

[38] [39]
Overfull \hbox (130.62906pt too wide) in paragraph at lines 2304--2308
[]\T1/ptm/m/n/10 Other se-man-tic en-rich-ment func-tions: [][][]\T1/zi4/m/n/10
 join_vars_to_ontol[][][]()[]\T1/ptm/m/n/10 , [][][]\T1/zi4/m/n/10 metavariable
_agg[][][]()[]\T1/ptm/m/n/10 , [][][]\T1/zi4/m/n/10 metavariable_variable_desce
ndants[][][]() 
 []

[40]
Overfull \hbox (50.62906pt too wide) in paragraph at lines 2359--2363
[]\T1/ptm/m/n/10 Other se-man-tic en-rich-ment func-tions: [][][]\T1/zi4/m/n/10
 join_vars_to_ontol[][][]()[]\T1/ptm/m/n/10 , [][][]\T1/zi4/m/n/10 metavariable
_agg[][][]()[]\T1/ptm/m/n/10 , [][][]\T1/zi4/m/n/10 metavariable_info[][][]() 
 []

[41] [42] [43] [44]
Overfull \hbox (1.27798pt too wide) in paragraph at lines 2567--2568
[]\T1/ptm/m/n/10 a log-i-cal in-di-cat-ing whether miss-ing val-ues should be r
e-moved. De-fault = TRUE. 
 []

[45] [46]
Overfull \hbox (12.41687pt too wide) in paragraph at lines 2709--2711
[]\T1/ptm/m/n/10 Generates a bar plot of per-cent-age com-plete-ness for one or
 both data frame di-men-sions (rows/columns). 
 []


Overfull \hbox (74.78928pt too wide) in paragraph at lines 2735--2741
[]\T1/ptm/m/n/10 Other mea-sures of com-plete-ness: [][][]\T1/zi4/m/n/10 assess
_completeness[][][]()[]\T1/ptm/m/n/10 , [][][]\T1/zi4/m/n/10 compare_completene
ss[][][]()[]\T1/ptm/m/n/10 , [][][]\T1/zi4/m/n/10 completeness_heatmap[][][]()[
]\T1/ptm/m/n/10 ,
 []

[47] [48]
Overfull \hbox (20.79959pt too wide) in paragraph at lines 2855--2859
[]\T1/ptm/m/n/10 Other high level func-tion-al-ity: [][][]\T1/zi4/m/n/10 apply_
quality_ctrl[][][]()[]\T1/ptm/m/n/10 , [][][]\T1/zi4/m/n/10 assess_quality[][][
]()[]\T1/ptm/m/n/10 , [][][]\T1/zi4/m/n/10 semantic_enrichment[][][]() 
 []

[49] [50]
Overfull \hbox (74.78928pt too wide) in paragraph at lines 2937--2943
[]\T1/ptm/m/n/10 Other mea-sures of com-plete-ness: [][][]\T1/zi4/m/n/10 assess
_completeness[][][]()[]\T1/ptm/m/n/10 , [][][]\T1/zi4/m/n/10 compare_completene
ss[][][]()[]\T1/ptm/m/n/10 , [][][]\T1/zi4/m/n/10 completeness_heatmap[][][]()[
]\T1/ptm/m/n/10 ,
 []

[51]
Overfull \hbox (88.26692pt too wide) in paragraph at lines 3005--3013
\T1/ptm/m/n/10 their most in-for-ma-tive com-mon an-ces-tor. Meta-variables are
 la-belled us-ing the syn-tax: []\T1/zi4/m/n/10 MV_[label_attr]_[Aggregation
 []


Overfull \hbox (79.31564pt too wide) in paragraph at lines 3020--3026
\T1/ptm/m/n/10 is-sue with 'tidy-graph' which may be re-solved in a fu-ture re-
lease: <https://github.com/thomasp85/tidygraph/issues/131>.
 []


Overfull \hbox (111.67549pt too wide) in paragraph at lines 3020--3026
\T1/ptm/m/n/10 to be an is-sue with 'tidy-graph' which may be re-solved in a fu
-ture re-lease: <https://github.com/thomasp85/tidygraph/issues/156>.
 []


Overfull \hbox (20.79959pt too wide) in paragraph at lines 3029--3033
[]\T1/ptm/m/n/10 Other high level func-tion-al-ity: [][][]\T1/zi4/m/n/10 apply_
quality_ctrl[][][]()[]\T1/ptm/m/n/10 , [][][]\T1/zi4/m/n/10 assess_quality[][][
]()[]\T1/ptm/m/n/10 , [][][]\T1/zi4/m/n/10 review_quality_ctrl[][][]() 
 []

[52] [53]
Overfull \hbox (8.05658pt too wide) in paragraph at lines 3131--3133
[]\T1/ptm/m/n/10 Feinerer I, Hornik K (2020). _tm: Text Min-ing Pack-age_. R pa
ck-age ver-sion 0.7-8, <https://CRAN.R-
 []

[54]
Overfull \hbox (8.05658pt too wide) in paragraph at lines 3206--3208
[]\T1/ptm/m/n/10 Feinerer I, Hornik K (2020). _tm: Text Min-ing Pack-age_. R pa
ck-age ver-sion 0.7-8, <https://CRAN.R-
 []

[55]
Overfull \hbox (8.05658pt too wide) in paragraph at lines 3290--3292
[]\T1/ptm/m/n/10 Feinerer I, Hornik K (2020). _tm: Text Min-ing Pack-age_. R pa
ck-age ver-sion 0.7-8, <https://CRAN.R-
 []

[56] [57] [58]
Package textcomp Info: Symbol \textasciigrave not provided by
(textcomp)             font family zi4 in TS1 encoding.
(textcomp)             Default family used instead on input line 3466.
Package textcomp Info: Symbol \textasciigrave not provided by
(textcomp)             font family zi4 in TS1 encoding.
(textcomp)             Default family used instead on input line 3466.
Package textcomp Info: Symbol \textasciigrave not provided by
(textcomp)             font family zi4 in TS1 encoding.
(textcomp)             Default family used instead on input line 3472.
Package textcomp Info: Symbol \textasciigrave not provided by
(textcomp)             font family zi4 in TS1 encoding.
(textcomp)             Default family used instead on input line 3472.

Overfull \hbox (0.76248pt too wide) in paragraph at lines 3473--3473
 []\T1/zi4/m/n/9 bean_rules <- tibble::tribble(~varA, ~varB, ~lgl_test, ~varA_b
oundaries, ~varB_boundaries,[] 
 []

[59] [60]
Overfull \hbox (0.45734pt too wide) in paragraph at lines 3567--3570
[]\T1/ptm/m/n/10 A scal-ing fac-tor (ex-po-nent) ap-plied to the vari-able band
-width cal-cu-la-tion. Larger
 []

[61]
Overfull \hbox (74.78928pt too wide) in paragraph at lines 3622--3628
[]\T1/ptm/m/n/10 Other mea-sures of com-plete-ness: [][][]\T1/zi4/m/n/10 assess
_completeness[][][]()[]\T1/ptm/m/n/10 , [][][]\T1/zi4/m/n/10 compare_completene
ss[][][]()[]\T1/ptm/m/n/10 , [][][]\T1/zi4/m/n/10 completeness_heatmap[][][]()[
]\T1/ptm/m/n/10 ,
 []

[62] [63]
(/private/var/folders/4y/h4jdmmt969184lmkpsr8h1hc0000gp/T/RtmpvKKIKG/Rd2pdfbb2a
58142704/Rd2.ind [64]

LaTeX Font Warning: Font shape `T1/zi4/m/it' undefined
(Font)              using `T1/zi4/m/n' instead on input line 92.

[65

] [66

])
(/private/var/folders/4y/h4jdmmt969184lmkpsr8h1hc0000gp/T/RtmpvKKIKG/Rd2pdfbb2a
58142704/Rd2.aux)
 ***********
LaTeX2e <2023-11-01> patch level 1
L3 programming layer <2024-02-20>
 ***********


LaTeX Font Warning: Some font shapes were not available, defaults substituted.

Package rerunfilecheck Info: File `Rd2.out' has not changed.
(rerunfilecheck)             Checksum: 69B3971BB13084F531E8505C44203E0A;10303.
 ) 
Here is how much of TeX's memory you used:
 11365 strings out of 474116
 173455 string characters out of 5743682
 1944187 words of memory out of 5000000
 32862 multiletter control sequences out of 15000+600000
 596014 words of font info for 85 fonts, out of 8000000 for 9000
 1141 hyphenation exceptions out of 8191
 92i,6n,95p,439b,737s stack positions out of 10000i,1000n,20000p,200000b,200000s

pdfTeX warning (dest): name{Rfn.regex} has been referenced but does not exist, 
replaced by a fixed one


pdfTeX warning (dest): name{Rfn.grepl} has been referenced but does not exist, 
replaced by a fixed one


pdfTeX warning (dest): name{Rfn.coalesce} has been referenced but does not exis
t, replaced by a fixed one


pdfTeX warning (dest): name{Rfn.read.Rul.tsv} has been referenced but does not 
exist, replaced by a fixed one


pdfTeX warning (dest): name{Rfn.read.Rul.csv} has been referenced but does not 
exist, replaced by a fixed one


pdfTeX warning (dest): name{Rfn.read.Rul.excel} has been referenced but does no
t exist, replaced by a fixed one


pdfTeX warning (dest): name{Rfn.tokens.Rul.ngrams} has been referenced but does
 not exist, replaced by a fixed one


pdfTeX warning (dest): name{Rfn.write.Rul.tsv} has been referenced but does not
 exist, replaced by a fixed one


pdfTeX warning (dest): name{Rfn.write.Rul.csv} has been referenced but does not
 exist, replaced by a fixed one


pdfTeX warning (dest): name{Rfn.tidy.Rdash.select} has been referenced but does
 not exist, replaced by a fixed one


pdfTeX warning (dest): name{Rfn.tidygraph} has been referenced but does not exi
st, replaced by a fixed one


pdfTeX warning (dest): name{Rfn.pheatmap} has been referenced but does not exis
t, replaced by a fixed one


pdfTeX warning (dest): name{Rfn.cell.Rul.spec} has been referenced but does not
 exist, replaced by a fixed one


pdfTeX warning (dest): name{Rfn.kable} has been referenced but does not exist, 
replaced by a fixed one

</usr/local/texlive/2024/texmf-dist/fonts/type1/public/inconsolata/Inconsolata-
zi4r.pfb></usr/local/texlive/2024/texmf-dist/fonts/type1/public/amsfonts/cm/cmm
i10.pfb></usr/local/texlive/2024/texmf-dist/fonts/type1/public/amsfonts/cm/cmr1
0.pfb></usr/local/texlive/2024/texmf-dist/fonts/type1/public/amsfonts/cm/cmsy10
.pfb></usr/local/texlive/2024/texmf-dist/fonts/type1/public/cm-super/sftt0900.p
fb></usr/local/texlive/2024/texmf-dist/fonts/type1/urw/helvetic/uhvr8a.pfb></us
r/local/texlive/2024/texmf-dist/fonts/type1/urw/times/utmb8a.pfb></usr/local/te
xlive/2024/texmf-dist/fonts/type1/urw/times/utmr8a.pfb></usr/local/texlive/2024
/texmf-dist/fonts/type1/urw/times/utmr8a.pfb></usr/local/texlive/2024/texmf-dis
t/fonts/type1/urw/times/utmri8a.pfb>
Output written on Rd2.pdf (66 pages, 277937 bytes).
PDF statistics:
 1778 PDF objects out of 2073 (max. 8388607)
 1672 compressed objects within 17 object streams
 666 named destinations out of 1000 (max. 500000)
 561 words of extra memory for PDF output out of 10000 (max. 10000000)

