Hmm ... looks like a package
Converting parsed Rd's to LaTeX ......
Creating pdf output from LaTeX ...

This is pdfTeX, Version 3.141592653-2.6-1.40.26 (TeX Live 2024) (preloaded format=pdflatex)
 restricted \write18 enabled.
entering extended mode
LaTeX2e <2023-11-01> patch level 1
L3 programming layer <2024-02-20>
(./Rd2.tex
(/usr/local/texlive/2024/texmf-dist/tex/latex/base/book.cls
Document Class: book 2023/05/17 v1.4n Standard LaTeX document class
(/usr/local/texlive/2024/texmf-dist/tex/latex/base/bk10.clo))
(/Library/Frameworks/R.framework/Resources/share/texmf/tex/latex/Rd.sty
(/usr/local/texlive/2024/texmf-dist/tex/latex/base/ifthen.sty)
(/usr/local/texlive/2024/texmf-dist/tex/generic/iftex/iftex.sty)
(/usr/local/texlive/2024/texmf-dist/tex/latex/tools/longtable.sty)
(/usr/local/texlive/2024/texmf-dist/tex/latex/tools/bm.sty)
(/usr/local/texlive/2024/texmf-dist/tex/latex/base/alltt.sty)
(/usr/local/texlive/2024/texmf-dist/tex/latex/tools/verbatim.sty)
(/usr/local/texlive/2024/texmf-dist/tex/latex/url/url.sty)
(/usr/local/texlive/2024/texmf-dist/tex/latex/base/textcomp.sty)
(/usr/local/texlive/2024/texmf-dist/tex/latex/amsmath/amsmath.sty
For additional information on amsmath, use the `?' option.
(/usr/local/texlive/2024/texmf-dist/tex/latex/amsmath/amstext.sty
(/usr/local/texlive/2024/texmf-dist/tex/latex/amsmath/amsgen.sty))
(/usr/local/texlive/2024/texmf-dist/tex/latex/amsmath/amsbsy.sty)
(/usr/local/texlive/2024/texmf-dist/tex/latex/amsmath/amsopn.sty))
(/usr/local/texlive/2024/texmf-dist/tex/latex/amsfonts/amsfonts.sty)
(/usr/local/texlive/2024/texmf-dist/tex/latex/amsfonts/amssymb.sty)
(/usr/local/texlive/2024/texmf-dist/tex/latex/jknapltx/mathrsfs.sty)
(/usr/local/texlive/2024/texmf-dist/tex/latex/base/fontenc.sty)
(/usr/local/texlive/2024/texmf-dist/tex/latex/psnfss/times.sty)
(/usr/local/texlive/2024/texmf-dist/tex/latex/inconsolata/zi4.sty
`inconsolata-zi4' v1.12, 2019/05/17 Text macros for Inconsolata (msharpe)
(/usr/local/texlive/2024/texmf-dist/tex/latex/xkeyval/xkeyval.sty
(/usr/local/texlive/2024/texmf-dist/tex/generic/xkeyval/xkeyval.tex
(/usr/local/texlive/2024/texmf-dist/tex/generic/xkeyval/xkvutils.tex
(/usr/local/texlive/2024/texmf-dist/tex/generic/xkeyval/keyval.tex)))))
(/usr/local/texlive/2024/texmf-dist/tex/latex/graphics/color.sty
(/usr/local/texlive/2024/texmf-dist/tex/latex/graphics-cfg/color.cfg)
(/usr/local/texlive/2024/texmf-dist/tex/latex/graphics-def/pdftex.def)
(/usr/local/texlive/2024/texmf-dist/tex/latex/graphics/mathcolor.ltx))
(/usr/local/texlive/2024/texmf-dist/tex/latex/hyperref/hyperref.sty
(/usr/local/texlive/2024/texmf-dist/tex/latex/kvsetkeys/kvsetkeys.sty)
(/usr/local/texlive/2024/texmf-dist/tex/generic/kvdefinekeys/kvdefinekeys.sty)
(/usr/local/texlive/2024/texmf-dist/tex/generic/pdfescape/pdfescape.sty
(/usr/local/texlive/2024/texmf-dist/tex/generic/ltxcmds/ltxcmds.sty)
(/usr/local/texlive/2024/texmf-dist/tex/generic/pdftexcmds/pdftexcmds.sty
(/usr/local/texlive/2024/texmf-dist/tex/generic/infwarerr/infwarerr.sty)))
(/usr/local/texlive/2024/texmf-dist/tex/latex/hycolor/hycolor.sty)
(/usr/local/texlive/2024/texmf-dist/tex/latex/auxhook/auxhook.sty)
(/usr/local/texlive/2024/texmf-dist/tex/latex/hyperref/nameref.sty
(/usr/local/texlive/2024/texmf-dist/tex/latex/refcount/refcount.sty)
(/usr/local/texlive/2024/texmf-dist/tex/generic/gettitlestring/gettitlestring.s
ty (/usr/local/texlive/2024/texmf-dist/tex/latex/kvoptions/kvoptions.sty)))
(/usr/local/texlive/2024/texmf-dist/tex/latex/etoolbox/etoolbox.sty)
(/usr/local/texlive/2024/texmf-dist/tex/latex/hyperref/pd1enc.def)
(/usr/local/texlive/2024/texmf-dist/tex/generic/intcalc/intcalc.sty)
(/usr/local/texlive/2024/texmf-dist/tex/latex/hyperref/puenc.def)
(/usr/local/texlive/2024/texmf-dist/tex/generic/bitset/bitset.sty
(/usr/local/texlive/2024/texmf-dist/tex/generic/bigintcalc/bigintcalc.sty))
(/usr/local/texlive/2024/texmf-dist/tex/latex/base/atbegshi-ltx.sty))
(/usr/local/texlive/2024/texmf-dist/tex/latex/hyperref/hpdftex.def
(/usr/local/texlive/2024/texmf-dist/tex/latex/base/atveryend-ltx.sty)
(/usr/local/texlive/2024/texmf-dist/tex/latex/rerunfilecheck/rerunfilecheck.sty

(/usr/local/texlive/2024/texmf-dist/tex/generic/uniquecounter/uniquecounter.sty
)))) (/usr/local/texlive/2024/texmf-dist/tex/latex/base/makeidx.sty)
Writing index file Rd2.idx
(/usr/local/texlive/2024/texmf-dist/tex/latex/psnfss/t1ptm.fd)
(/usr/local/texlive/2024/texmf-dist/tex/latex/l3backend/l3backend-pdftex.def)
No file Rd2.aux.
(/usr/local/texlive/2024/texmf-dist/tex/context/base/mkii/supp-pdf.mkii
[Loading MPS to PDF converter (version 2006.09.02).]
) (/usr/local/texlive/2024/texmf-dist/tex/latex/inconsolata/t1zi4.fd)
(/usr/local/texlive/2024/texmf-dist/tex/latex/psnfss/ts1ptm.fd)
(/usr/local/texlive/2024/texmf-dist/tex/latex/amsfonts/umsa.fd)
(/usr/local/texlive/2024/texmf-dist/tex/latex/amsfonts/umsb.fd)
(/usr/local/texlive/2024/texmf-dist/tex/latex/jknapltx/ursfs.fd)
No file Rd2.toc.
[1{/usr/local/texlive/2024/texmf-var/fonts/map/pdftex/updmap/pdftex.map}{/usr/l
ocal/texlive/2024/texmf-dist/fonts/enc/dvips/base/8r.enc}{/usr/local/texlive/20
24/texmf-dist/fonts/enc/dvips/inconsolata/i4-t1-0.enc}] [2]
Overfull \hbox (0.82867pt too wide) in paragraph at lines 116--118
[]\T1/ptm/m/n/10 An un-quoted ex-pres-sion which cor-re-sponds to a vari-able (
col-umn) in []\T1/zi4/m/n/10 data []\T1/ptm/m/n/10 which

Overfull \hbox (24.5887pt too wide) in paragraph at lines 123--128
[]\T1/ptm/m/n/10 Optional named vec-tor of user-defined val-ues for bi-nary val
-ues us-ing []\T1/zi4/m/n/10 binary_label_1

Overfull \hbox (2.12885pt too wide) in paragraph at lines 129--132
[]\T1/ptm/m/n/10 Minimum fre-quency of oc-cur-rence [][][]\T1/zi4/m/n/10 extrac
t_freetext[][][] []\T1/ptm/m/n/10 will use to ex-tract groups

Overfull \hbox (25.79959pt too wide) in paragraph at lines 161--165
[]\T1/ptm/m/n/10 Other high level func-tion-al-ity: [][][]\T1/zi4/m/n/10 assess
_quality[][][]()[]\T1/ptm/m/n/10 , [][][]\T1/zi4/m/n/10 review_quality_ctrl[][]
[]()[]\T1/ptm/m/n/10 , [][][]\T1/zi4/m/n/10 semantic_enrichment[][][]() 
[3]
Overfull \hbox (0.82867pt too wide) in paragraph at lines 212--214
[]\T1/ptm/m/n/10 An un-quoted ex-pres-sion which cor-re-sponds to a vari-able (
col-umn) in []\T1/zi4/m/n/10 data []\T1/ptm/m/n/10 which

Overfull \hbox (50.96628pt too wide) in paragraph at lines 223--225
[]\T1/ptm/m/n/10 A tib-ble de-tail-ing com-plete-ness of vari-ables (columns) (
via [][][]\T1/zi4/m/n/10 variable_completeness[][][][]\T1/ptm/m/n/10 ). 

Overfull \hbox (64.78928pt too wide) in paragraph at lines 243--249
[]\T1/ptm/m/n/10 Other mea-sures of com-plete-ness: [][][]\T1/zi4/m/n/10 compar
e_completeness[][][]()[]\T1/ptm/m/n/10 , [][][]\T1/zi4/m/n/10 completeness_heat
map[][][]()[]\T1/ptm/m/n/10 , [][][]\T1/zi4/m/n/10 plot_completeness[][][]()[]\
T1/ptm/m/n/10 ,
[4]
Overfull \hbox (0.82867pt too wide) in paragraph at lines 290--292
[]\T1/ptm/m/n/10 An un-quoted ex-pres-sion which cor-re-sponds to a vari-able (
col-umn) in []\T1/zi4/m/n/10 data []\T1/ptm/m/n/10 which

Overfull \hbox (40.43805pt too wide) in paragraph at lines 318--320
[]\T1/ptm/m/n/10 - Names of vari-ables (columns) with zero en-tropy (via [][][]
\T1/zi4/m/n/10 zero_entropy_variables[][][][]\T1/ptm/m/n/10 ) 
[5]
Overfull \hbox (45.79959pt too wide) in paragraph at lines 357--361
[]\T1/ptm/m/n/10 Other high level func-tion-al-ity: [][][]\T1/zi4/m/n/10 apply_
quality_ctrl[][][]()[]\T1/ptm/m/n/10 , [][][]\T1/zi4/m/n/10 review_quality_ctrl
[][][]()[]\T1/ptm/m/n/10 , [][][]\T1/zi4/m/n/10 semantic_enrichment[][][]() 
(/usr/local/texlive/2024/texmf-dist/tex/latex/base/t1cmtt.fd)
(/usr/local/texlive/2024/texmf-dist/tex/latex/base/ts1cmtt.fd)
Overfull \hbox (0.76248pt too wide) in paragraph at lines 380--380
 []\T1/zi4/m/n/9 bean_rules <- tibble::tribble(~varA, ~varB, ~lgl_test, ~varA_b
oundaries, ~varB_boundaries,[] 
[6{/usr/local/texlive/2024/texmf-dist/fonts/enc/dvips/cm-super/cm-super-ts1.enc
}] [7] [8]
Overfull \hbox (59.78928pt too wide) in paragraph at lines 538--544
[]\T1/ptm/m/n/10 Other mea-sures of com-plete-ness: [][][]\T1/zi4/m/n/10 assess
_completeness[][][]()[]\T1/ptm/m/n/10 , [][][]\T1/zi4/m/n/10 completeness_heatm
ap[][][]()[]\T1/ptm/m/n/10 , [][][]\T1/zi4/m/n/10 plot_completeness[][][]()[]\T
1/ptm/m/n/10 ,
[9] [10] [11]
Overfull \hbox (59.78928pt too wide) in paragraph at lines 742--748
[]\T1/ptm/m/n/10 Other mea-sures of com-plete-ness: [][][]\T1/zi4/m/n/10 assess
_completeness[][][]()[]\T1/ptm/m/n/10 , [][][]\T1/zi4/m/n/10 compare_completene
ss[][][]()[]\T1/ptm/m/n/10 , [][][]\T1/zi4/m/n/10 plot_completeness[][][]()[]\T
1/ptm/m/n/10 ,
[12] [13] [14] [15] [16]
Overfull \hbox (46.78735pt too wide) in paragraph at lines 1025--1029
[]\T1/ptm/m/n/10 In a data frame, con-verts bi-nary cat-e-gories to fac-tors. O
r-der-ing of lev-els is stan-dard-ised to: []\T1/zi4/m/n/10 negative_finding,

Overfull \hbox (24.5887pt too wide) in paragraph at lines 1047--1050
[]\T1/ptm/m/n/10 Optional named vec-tor of user-defined val-ues for bi-nary val
-ues us-ing []\T1/zi4/m/n/10 binary_label_1
[17]
Overfull \hbox (24.5887pt too wide) in paragraph at lines 1097--1100
[]\T1/ptm/m/n/10 Optional named vec-tor of user-defined val-ues for bi-nary val
-ues us-ing []\T1/zi4/m/n/10 binary_label_1
[18] [19] [20] [21] [22]
(/usr/local/texlive/2024/texmf-dist/tex/latex/psnfss/t1phv.fd) [23] [24]
[25] [26]
Overfull \hbox (8.05658pt too wide) in paragraph at lines 1613--1615
[]\T1/ptm/m/n/10 Feinerer I, Hornik K (2020). _tm: Text Min-ing Pack-age_. R pa
ck-age ver-sion 0.7-8, <https://CRAN.R-
[27] [28] [29]
Overfull \hbox (0.76248pt too wide) in paragraph at lines 1760--1760
 []\T1/zi4/m/n/9 bean_rules <- tibble::tribble(~varA, ~varB, ~lgl_test, ~varA_b
oundaries, ~varB_boundaries,[] 
[30] (/usr/local/texlive/2024/texmf-dist/tex/latex/inconsolata/ts1zi4.fd)
[31{/usr/local/texlive/2024/texmf-dist/fonts/enc/dvips/inconsolata/i4-ts1.enc}]
[32]
Overfull \hbox (125.62906pt too wide) in paragraph at lines 1997--2001
[]\T1/ptm/m/n/10 Other se-man-tic en-rich-ment func-tions: [][][]\T1/zi4/m/n/10
 metavariable_agg[][][]()[]\T1/ptm/m/n/10 , [][][]\T1/zi4/m/n/10 metavariable_i
nfo[][][]()[]\T1/ptm/m/n/10 , [][][]\T1/zi4/m/n/10 metavariable_variable_descen
dants[][][]() 
[33] [34]
Overfull \hbox (6.33867pt too wide) in paragraph at lines 2084--2087
\T1/ptm/m/n/10 ing val-ues will be sup-plied by val-ues in cor-re-spond-ing row
s from []\T1/zi4/m/n/10 secondary_var[]\T1/ptm/m/n/10 . 

Overfull \hbox (76.32816pt too wide) in paragraph at lines 2091--2093
[]\T1/ptm/m/n/10 character con-stant. Name for merged vari-able. De-fault: [[]\
T1/zi4/m/n/10 primary_var[]\T1/ptm/m/n/10 ]_[[]\T1/zi4/m/n/10 secondary_var[]\T
1/ptm/m/n/10 ]_merged 
[35]
Overfull \hbox (79.50598pt too wide) in paragraph at lines 2172--2182
\T1/ptm/m/n/10 is-sue with [][][]\T1/zi4/m/n/10 tidygraph[][][] []\T1/ptm/m/n/1
0 which may be re-solved in a fu-ture re-lease: <https://github.com/thomasp85/t
idygraph/issues/131>.

Overfull \hbox (111.86583pt too wide) in paragraph at lines 2172--2182
\T1/ptm/m/n/10 to be an is-sue with [][][]\T1/zi4/m/n/10 tidygraph[][][] []\T1/
ptm/m/n/10 which may be re-solved in a fu-ture re-lease: <https://github.com/th
omasp85/tidygraph/issues/156>.

Overfull \hbox (135.62906pt too wide) in paragraph at lines 2185--2189
[]\T1/ptm/m/n/10 Other se-man-tic en-rich-ment func-tions: [][][]\T1/zi4/m/n/10
 join_vars_to_ontol[][][]()[]\T1/ptm/m/n/10 , [][][]\T1/zi4/m/n/10 metavariable
_info[][][]()[]\T1/ptm/m/n/10 , [][][]\T1/zi4/m/n/10 metavariable_variable_desc
endants[][][]() 
[36] [37]
Overfull \hbox (130.62906pt too wide) in paragraph at lines 2304--2308
[]\T1/ptm/m/n/10 Other se-man-tic en-rich-ment func-tions: [][][]\T1/zi4/m/n/10
 join_vars_to_ontol[][][]()[]\T1/ptm/m/n/10 , [][][]\T1/zi4/m/n/10 metavariable
_agg[][][]()[]\T1/ptm/m/n/10 , [][][]\T1/zi4/m/n/10 metavariable_variable_desce
ndants[][][]() 
[38]
Overfull \hbox (50.62906pt too wide) in paragraph at lines 2359--2363
[]\T1/ptm/m/n/10 Other se-man-tic en-rich-ment func-tions: [][][]\T1/zi4/m/n/10
 join_vars_to_ontol[][][]()[]\T1/ptm/m/n/10 , [][][]\T1/zi4/m/n/10 metavariable
_agg[][][]()[]\T1/ptm/m/n/10 , [][][]\T1/zi4/m/n/10 metavariable_info[][][]() 
[39] [40] [41] [42]
Overfull \hbox (1.27798pt too wide) in paragraph at lines 2567--2568
[]\T1/ptm/m/n/10 a log-i-cal in-di-cat-ing whether miss-ing val-ues should be r
e-moved. De-fault = TRUE. 
[43] [44]
Overfull \hbox (12.41687pt too wide) in paragraph at lines 2709--2711
[]\T1/ptm/m/n/10 Generates a bar plot of per-cent-age com-plete-ness for one or
 both data frame di-men-sions (rows/columns). 

Overfull \hbox (74.78928pt too wide) in paragraph at lines 2735--2741
[]\T1/ptm/m/n/10 Other mea-sures of com-plete-ness: [][][]\T1/zi4/m/n/10 assess
_completeness[][][]()[]\T1/ptm/m/n/10 , [][][]\T1/zi4/m/n/10 compare_completene
ss[][][]()[]\T1/ptm/m/n/10 , [][][]\T1/zi4/m/n/10 completeness_heatmap[][][]()[
]\T1/ptm/m/n/10 ,
[45] [46]
Overfull \hbox (20.79959pt too wide) in paragraph at lines 2855--2859
[]\T1/ptm/m/n/10 Other high level func-tion-al-ity: [][][]\T1/zi4/m/n/10 apply_
quality_ctrl[][][]()[]\T1/ptm/m/n/10 , [][][]\T1/zi4/m/n/10 assess_quality[][][
]()[]\T1/ptm/m/n/10 , [][][]\T1/zi4/m/n/10 semantic_enrichment[][][]() 
[47] [48]
Overfull \hbox (74.78928pt too wide) in paragraph at lines 2937--2943
[]\T1/ptm/m/n/10 Other mea-sures of com-plete-ness: [][][]\T1/zi4/m/n/10 assess
_completeness[][][]()[]\T1/ptm/m/n/10 , [][][]\T1/zi4/m/n/10 compare_completene
ss[][][]()[]\T1/ptm/m/n/10 , [][][]\T1/zi4/m/n/10 completeness_heatmap[][][]()[
]\T1/ptm/m/n/10 ,
[49]
Overfull \hbox (88.26692pt too wide) in paragraph at lines 3005--3013
\T1/ptm/m/n/10 their most in-for-ma-tive com-mon an-ces-tor. Meta-variables are
 la-belled us-ing the syn-tax: []\T1/zi4/m/n/10 MV_[label_attr]_[Aggregation

Overfull \hbox (79.31564pt too wide) in paragraph at lines 3020--3026
\T1/ptm/m/n/10 is-sue with 'tidy-graph' which may be re-solved in a fu-ture re-
lease: <https://github.com/thomasp85/tidygraph/issues/131>.

Overfull \hbox (111.67549pt too wide) in paragraph at lines 3020--3026
\T1/ptm/m/n/10 to be an is-sue with 'tidy-graph' which may be re-solved in a fu
-ture re-lease: <https://github.com/thomasp85/tidygraph/issues/156>.

Overfull \hbox (20.79959pt too wide) in paragraph at lines 3029--3033
[]\T1/ptm/m/n/10 Other high level func-tion-al-ity: [][][]\T1/zi4/m/n/10 apply_
quality_ctrl[][][]()[]\T1/ptm/m/n/10 , [][][]\T1/zi4/m/n/10 assess_quality[][][
]()[]\T1/ptm/m/n/10 , [][][]\T1/zi4/m/n/10 review_quality_ctrl[][][]() 
[50] [51]
Overfull \hbox (8.05658pt too wide) in paragraph at lines 3131--3133
[]\T1/ptm/m/n/10 Feinerer I, Hornik K (2020). _tm: Text Min-ing Pack-age_. R pa
ck-age ver-sion 0.7-8, <https://CRAN.R-
[52]
Overfull \hbox (8.05658pt too wide) in paragraph at lines 3206--3208
[]\T1/ptm/m/n/10 Feinerer I, Hornik K (2020). _tm: Text Min-ing Pack-age_. R pa
ck-age ver-sion 0.7-8, <https://CRAN.R-
[53]
Overfull \hbox (8.05658pt too wide) in paragraph at lines 3290--3292
[]\T1/ptm/m/n/10 Feinerer I, Hornik K (2020). _tm: Text Min-ing Pack-age_. R pa
ck-age ver-sion 0.7-8, <https://CRAN.R-
[54] [55] [56]
Overfull \hbox (0.76248pt too wide) in paragraph at lines 3473--3473
 []\T1/zi4/m/n/9 bean_rules <- tibble::tribble(~varA, ~varB, ~lgl_test, ~varA_b
oundaries, ~varB_boundaries,[] 
[57] [58]
Overfull \hbox (0.45734pt too wide) in paragraph at lines 3567--3570
[]\T1/ptm/m/n/10 A scal-ing fac-tor (ex-po-nent) ap-plied to the vari-able band
-width cal-cu-la-tion. Larger
[59]
Overfull \hbox (74.78928pt too wide) in paragraph at lines 3622--3628
[]\T1/ptm/m/n/10 Other mea-sures of com-plete-ness: [][][]\T1/zi4/m/n/10 assess
_completeness[][][]()[]\T1/ptm/m/n/10 , [][][]\T1/zi4/m/n/10 compare_completene
ss[][][]()[]\T1/ptm/m/n/10 , [][][]\T1/zi4/m/n/10 completeness_heatmap[][][]()[
]\T1/ptm/m/n/10 ,
[60] [61]
No file Rd2.ind.
[62]
(/private/var/folders/4y/h4jdmmt969184lmkpsr8h1hc0000gp/T/RtmpvKKIKG/Rd2pdfbb2a
58142704/Rd2.aux)

Package rerunfilecheck Warning: File `Rd2.out' has changed.
(rerunfilecheck)                Rerun to get outlines right
(rerunfilecheck)                or use package `bookmark'.

 )
(see the transcript file for additional information)
pdfTeX warning (dest): name{Rfn.regex} has been referenced but does not exist, 
replaced by a fixed one


pdfTeX warning (dest): name{Rfn.grepl} has been referenced but does not exist, 
replaced by a fixed one


pdfTeX warning (dest): name{Rfn.coalesce} has been referenced but does not exis
t, replaced by a fixed one


pdfTeX warning (dest): name{Rfn.read.Rul.tsv} has been referenced but does not 
exist, replaced by a fixed one


pdfTeX warning (dest): name{Rfn.read.Rul.csv} has been referenced but does not 
exist, replaced by a fixed one


pdfTeX warning (dest): name{Rfn.read.Rul.excel} has been referenced but does no
t exist, replaced by a fixed one


pdfTeX warning (dest): name{Rfn.tokens.Rul.ngrams} has been referenced but does
 not exist, replaced by a fixed one


pdfTeX warning (dest): name{Rfn.write.Rul.tsv} has been referenced but does not
 exist, replaced by a fixed one


pdfTeX warning (dest): name{Rfn.write.Rul.csv} has been referenced but does not
 exist, replaced by a fixed one


pdfTeX warning (dest): name{Rfn.tidy.Rdash.select} has been referenced but does
 not exist, replaced by a fixed one


pdfTeX warning (dest): name{Rfn.tidygraph} has been referenced but does not exi
st, replaced by a fixed one


pdfTeX warning (dest): name{Rfn.pheatmap} has been referenced but does not exis
t, replaced by a fixed one


pdfTeX warning (dest): name{Rfn.cell.Rul.spec} has been referenced but does not
 exist, replaced by a fixed one


pdfTeX warning (dest): name{Rfn.kable} has been referenced but does not exist, 
replaced by a fixed one

</usr/local/texlive/2024/texmf-dist/fonts/type1/public/inconsolata/Inconsolata-
zi4r.pfb></usr/local/texlive/2024/texmf-dist/fonts/type1/public/amsfonts/cm/cmm
i10.pfb></usr/local/texlive/2024/texmf-dist/fonts/type1/public/amsfonts/cm/cmr1
0.pfb></usr/local/texlive/2024/texmf-dist/fonts/type1/public/amsfonts/cm/cmsy10
.pfb></usr/local/texlive/2024/texmf-dist/fonts/type1/public/cm-super/sftt0900.p
fb></usr/local/texlive/2024/texmf-dist/fonts/type1/urw/helvetic/uhvr8a.pfb></us
r/local/texlive/2024/texmf-dist/fonts/type1/urw/times/utmb8a.pfb></usr/local/te
xlive/2024/texmf-dist/fonts/type1/urw/times/utmr8a.pfb></usr/local/texlive/2024
/texmf-dist/fonts/type1/urw/times/utmr8a.pfb></usr/local/texlive/2024/texmf-dis
t/fonts/type1/urw/times/utmri8a.pfb>
Output written on Rd2.pdf (62 pages, 257035 bytes).
Transcript written on Rd2.log.
This is makeindex, version 2.17 [TeX Live 2024] (kpathsea + Thai support).
Scanning input file Rd2.idx....done (261 entries accepted, 6 rejected).
Sorting entries.....done (2204 comparisons).
Generating output file Rd2.ind....done (261 lines written, 3 warnings).
Output written in Rd2.ind.
Transcript written in Rd2.ilg.
This is pdfTeX, Version 3.141592653-2.6-1.40.26 (TeX Live 2024) (preloaded format=pdflatex)
 restricted \write18 enabled.
entering extended mode
LaTeX2e <2023-11-01> patch level 1
L3 programming layer <2024-02-20>
(./Rd2.tex
(/usr/local/texlive/2024/texmf-dist/tex/latex/base/book.cls
Document Class: book 2023/05/17 v1.4n Standard LaTeX document class
(/usr/local/texlive/2024/texmf-dist/tex/latex/base/bk10.clo))
(/Library/Frameworks/R.framework/Resources/share/texmf/tex/latex/Rd.sty
(/usr/local/texlive/2024/texmf-dist/tex/latex/base/ifthen.sty)
(/usr/local/texlive/2024/texmf-dist/tex/generic/iftex/iftex.sty)
(/usr/local/texlive/2024/texmf-dist/tex/latex/tools/longtable.sty)
(/usr/local/texlive/2024/texmf-dist/tex/latex/tools/bm.sty)
(/usr/local/texlive/2024/texmf-dist/tex/latex/base/alltt.sty)
(/usr/local/texlive/2024/texmf-dist/tex/latex/tools/verbatim.sty)
(/usr/local/texlive/2024/texmf-dist/tex/latex/url/url.sty)
(/usr/local/texlive/2024/texmf-dist/tex/latex/base/textcomp.sty)
(/usr/local/texlive/2024/texmf-dist/tex/latex/amsmath/amsmath.sty
For additional information on amsmath, use the `?' option.
(/usr/local/texlive/2024/texmf-dist/tex/latex/amsmath/amstext.sty
(/usr/local/texlive/2024/texmf-dist/tex/latex/amsmath/amsgen.sty))
(/usr/local/texlive/2024/texmf-dist/tex/latex/amsmath/amsbsy.sty)
(/usr/local/texlive/2024/texmf-dist/tex/latex/amsmath/amsopn.sty))
(/usr/local/texlive/2024/texmf-dist/tex/latex/amsfonts/amsfonts.sty)
(/usr/local/texlive/2024/texmf-dist/tex/latex/amsfonts/amssymb.sty)
(/usr/local/texlive/2024/texmf-dist/tex/latex/jknapltx/mathrsfs.sty)
(/usr/local/texlive/2024/texmf-dist/tex/latex/base/fontenc.sty)
(/usr/local/texlive/2024/texmf-dist/tex/latex/psnfss/times.sty)
(/usr/local/texlive/2024/texmf-dist/tex/latex/inconsolata/zi4.sty
`inconsolata-zi4' v1.12, 2019/05/17 Text macros for Inconsolata (msharpe)
(/usr/local/texlive/2024/texmf-dist/tex/latex/xkeyval/xkeyval.sty
(/usr/local/texlive/2024/texmf-dist/tex/generic/xkeyval/xkeyval.tex
(/usr/local/texlive/2024/texmf-dist/tex/generic/xkeyval/xkvutils.tex
(/usr/local/texlive/2024/texmf-dist/tex/generic/xkeyval/keyval.tex)))))
(/usr/local/texlive/2024/texmf-dist/tex/latex/graphics/color.sty
(/usr/local/texlive/2024/texmf-dist/tex/latex/graphics-cfg/color.cfg)
(/usr/local/texlive/2024/texmf-dist/tex/latex/graphics-def/pdftex.def)
(/usr/local/texlive/2024/texmf-dist/tex/latex/graphics/mathcolor.ltx))
(/usr/local/texlive/2024/texmf-dist/tex/latex/hyperref/hyperref.sty
(/usr/local/texlive/2024/texmf-dist/tex/latex/kvsetkeys/kvsetkeys.sty)
(/usr/local/texlive/2024/texmf-dist/tex/generic/kvdefinekeys/kvdefinekeys.sty)
(/usr/local/texlive/2024/texmf-dist/tex/generic/pdfescape/pdfescape.sty
(/usr/local/texlive/2024/texmf-dist/tex/generic/ltxcmds/ltxcmds.sty)
(/usr/local/texlive/2024/texmf-dist/tex/generic/pdftexcmds/pdftexcmds.sty
(/usr/local/texlive/2024/texmf-dist/tex/generic/infwarerr/infwarerr.sty)))
(/usr/local/texlive/2024/texmf-dist/tex/latex/hycolor/hycolor.sty)
(/usr/local/texlive/2024/texmf-dist/tex/latex/auxhook/auxhook.sty)
(/usr/local/texlive/2024/texmf-dist/tex/latex/hyperref/nameref.sty
(/usr/local/texlive/2024/texmf-dist/tex/latex/refcount/refcount.sty)
(/usr/local/texlive/2024/texmf-dist/tex/generic/gettitlestring/gettitlestring.s
ty (/usr/local/texlive/2024/texmf-dist/tex/latex/kvoptions/kvoptions.sty)))
(/usr/local/texlive/2024/texmf-dist/tex/latex/etoolbox/etoolbox.sty)
(/usr/local/texlive/2024/texmf-dist/tex/latex/hyperref/pd1enc.def)
(/usr/local/texlive/2024/texmf-dist/tex/generic/intcalc/intcalc.sty)
(/usr/local/texlive/2024/texmf-dist/tex/latex/hyperref/puenc.def)
(/usr/local/texlive/2024/texmf-dist/tex/generic/bitset/bitset.sty
(/usr/local/texlive/2024/texmf-dist/tex/generic/bigintcalc/bigintcalc.sty))
(/usr/local/texlive/2024/texmf-dist/tex/latex/base/atbegshi-ltx.sty))
(/usr/local/texlive/2024/texmf-dist/tex/latex/hyperref/hpdftex.def
(/usr/local/texlive/2024/texmf-dist/tex/latex/base/atveryend-ltx.sty)
(/usr/local/texlive/2024/texmf-dist/tex/latex/rerunfilecheck/rerunfilecheck.sty

(/usr/local/texlive/2024/texmf-dist/tex/generic/uniquecounter/uniquecounter.sty
)))) (/usr/local/texlive/2024/texmf-dist/tex/latex/base/makeidx.sty)
Writing index file Rd2.idx
(/usr/local/texlive/2024/texmf-dist/tex/latex/psnfss/t1ptm.fd)
(/usr/local/texlive/2024/texmf-dist/tex/latex/l3backend/l3backend-pdftex.def)
(/private/var/folders/4y/h4jdmmt969184lmkpsr8h1hc0000gp/T/RtmpvKKIKG/Rd2pdfbb2a
58142704/Rd2.aux)
(/usr/local/texlive/2024/texmf-dist/tex/context/base/mkii/supp-pdf.mkii
[Loading MPS to PDF converter (version 2006.09.02).]
)
(/private/var/folders/4y/h4jdmmt969184lmkpsr8h1hc0000gp/T/RtmpvKKIKG/Rd2pdfbb2a
58142704/Rd2.out)
(/private/var/folders/4y/h4jdmmt969184lmkpsr8h1hc0000gp/T/RtmpvKKIKG/Rd2pdfbb2a
58142704/Rd2.out)
(/usr/local/texlive/2024/texmf-dist/tex/latex/inconsolata/t1zi4.fd)
(/usr/local/texlive/2024/texmf-dist/tex/latex/psnfss/ts1ptm.fd)
(/usr/local/texlive/2024/texmf-dist/tex/latex/amsfonts/umsa.fd)
(/usr/local/texlive/2024/texmf-dist/tex/latex/amsfonts/umsb.fd)
(/usr/local/texlive/2024/texmf-dist/tex/latex/jknapltx/ursfs.fd)
(/private/var/folders/4y/h4jdmmt969184lmkpsr8h1hc0000gp/T/RtmpvKKIKG/Rd2pdfbb2a
58142704/Rd2.toc [1{/usr/local/texlive/2024/texmf-var/fonts/map/pdftex/updmap/p
dftex.map}{/usr/local/texlive/2024/texmf-dist/fonts/enc/dvips/base/8r.enc}{/usr
/local/texlive/2024/texmf-dist/fonts/enc/dvips/inconsolata/i4-t1-0.enc}]
[2]) [3]
Overfull \hbox (0.82867pt too wide) in paragraph at lines 116--118
[]\T1/ptm/m/n/10 An un-quoted ex-pres-sion which cor-re-sponds to a vari-able (
col-umn) in []\T1/zi4/m/n/10 data []\T1/ptm/m/n/10 which

Overfull \hbox (24.5887pt too wide) in paragraph at lines 123--128
[]\T1/ptm/m/n/10 Optional named vec-tor of user-defined val-ues for bi-nary val
-ues us-ing []\T1/zi4/m/n/10 binary_label_1

Overfull \hbox (2.12885pt too wide) in paragraph at lines 129--132
[]\T1/ptm/m/n/10 Minimum fre-quency of oc-cur-rence [][][]\T1/zi4/m/n/10 extrac
t_freetext[][][] []\T1/ptm/m/n/10 will use to ex-tract groups
[4]
Overfull \hbox (25.79959pt too wide) in paragraph at lines 161--165
[]\T1/ptm/m/n/10 Other high level func-tion-al-ity: [][][]\T1/zi4/m/n/10 assess
_quality[][][]()[]\T1/ptm/m/n/10 , [][][]\T1/zi4/m/n/10 review_quality_ctrl[][]
[]()[]\T1/ptm/m/n/10 , [][][]\T1/zi4/m/n/10 semantic_enrichment[][][]() 

Overfull \hbox (0.82867pt too wide) in paragraph at lines 212--214
[]\T1/ptm/m/n/10 An un-quoted ex-pres-sion which cor-re-sponds to a vari-able (
col-umn) in []\T1/zi4/m/n/10 data []\T1/ptm/m/n/10 which
[5]
Overfull \hbox (50.96628pt too wide) in paragraph at lines 223--225
[]\T1/ptm/m/n/10 A tib-ble de-tail-ing com-plete-ness of vari-ables (columns) (
via [][][]\T1/zi4/m/n/10 variable_completeness[][][][]\T1/ptm/m/n/10 ). 

Overfull \hbox (64.78928pt too wide) in paragraph at lines 243--249
[]\T1/ptm/m/n/10 Other mea-sures of com-plete-ness: [][][]\T1/zi4/m/n/10 compar
e_completeness[][][]()[]\T1/ptm/m/n/10 , [][][]\T1/zi4/m/n/10 completeness_heat
map[][][]()[]\T1/ptm/m/n/10 , [][][]\T1/zi4/m/n/10 plot_completeness[][][]()[]\
T1/ptm/m/n/10 ,

Overfull \hbox (0.82867pt too wide) in paragraph at lines 290--292
[]\T1/ptm/m/n/10 An un-quoted ex-pres-sion which cor-re-sponds to a vari-able (
col-umn) in []\T1/zi4/m/n/10 data []\T1/ptm/m/n/10 which
[6]
Overfull \hbox (40.43805pt too wide) in paragraph at lines 318--320
[]\T1/ptm/m/n/10 - Names of vari-ables (columns) with zero en-tropy (via [][][]
\T1/zi4/m/n/10 zero_entropy_variables[][][][]\T1/ptm/m/n/10 ) 

Overfull \hbox (45.79959pt too wide) in paragraph at lines 357--361
[]\T1/ptm/m/n/10 Other high level func-tion-al-ity: [][][]\T1/zi4/m/n/10 apply_
quality_ctrl[][][]()[]\T1/ptm/m/n/10 , [][][]\T1/zi4/m/n/10 review_quality_ctrl
[][][]()[]\T1/ptm/m/n/10 , [][][]\T1/zi4/m/n/10 semantic_enrichment[][][]() 
[7] (/usr/local/texlive/2024/texmf-dist/tex/latex/base/t1cmtt.fd)
(/usr/local/texlive/2024/texmf-dist/tex/latex/base/ts1cmtt.fd)
Overfull \hbox (0.76248pt too wide) in paragraph at lines 380--380
 []\T1/zi4/m/n/9 bean_rules <- tibble::tribble(~varA, ~varB, ~lgl_test, ~varA_b
oundaries, ~varB_boundaries,[] 
[8{/usr/local/texlive/2024/texmf-dist/fonts/enc/dvips/cm-super/cm-super-ts1.enc
}] [9]
Overfull \hbox (59.78928pt too wide) in paragraph at lines 538--544
[]\T1/ptm/m/n/10 Other mea-sures of com-plete-ness: [][][]\T1/zi4/m/n/10 assess
_completeness[][][]()[]\T1/ptm/m/n/10 , [][][]\T1/zi4/m/n/10 completeness_heatm
ap[][][]()[]\T1/ptm/m/n/10 , [][][]\T1/zi4/m/n/10 plot_completeness[][][]()[]\T
1/ptm/m/n/10 ,
[10] [11] [12] [13]
Overfull \hbox (59.78928pt too wide) in paragraph at lines 742--748
[]\T1/ptm/m/n/10 Other mea-sures of com-plete-ness: [][][]\T1/zi4/m/n/10 assess
_completeness[][][]()[]\T1/ptm/m/n/10 , [][][]\T1/zi4/m/n/10 compare_completene
ss[][][]()[]\T1/ptm/m/n/10 , [][][]\T1/zi4/m/n/10 plot_completeness[][][]()[]\T
1/ptm/m/n/10 ,
[14] [15] [16] [17]
Overfull \hbox (46.78735pt too wide) in paragraph at lines 1025--1029
[]\T1/ptm/m/n/10 In a data frame, con-verts bi-nary cat-e-gories to fac-tors. O
r-der-ing of lev-els is stan-dard-ised to: []\T1/zi4/m/n/10 negative_finding,
[18]
Overfull \hbox (24.5887pt too wide) in paragraph at lines 1047--1050
[]\T1/ptm/m/n/10 Optional named vec-tor of user-defined val-ues for bi-nary val
-ues us-ing []\T1/zi4/m/n/10 binary_label_1

Overfull \hbox (24.5887pt too wide) in paragraph at lines 1097--1100
[]\T1/ptm/m/n/10 Optional named vec-tor of user-defined val-ues for bi-nary val
-ues us-ing []\T1/zi4/m/n/10 binary_label_1
[19] [20] [21] [22] [23]
(/usr/local/texlive/2024/texmf-dist/tex/latex/psnfss/t1phv.fd) [24] [25]
[26] [27]
Overfull \hbox (8.05658pt too wide) in paragraph at lines 1613--1615
[]\T1/ptm/m/n/10 Feinerer I, Hornik K (2020). _tm: Text Min-ing Pack-age_. R pa
ck-age ver-sion 0.7-8, <https://CRAN.R-
[28] [29] [30]
Overfull \hbox (0.76248pt too wide) in paragraph at lines 1760--1760
 []\T1/zi4/m/n/9 bean_rules <- tibble::tribble(~varA, ~varB, ~lgl_test, ~varA_b
oundaries, ~varB_boundaries,[] 
[31] (/usr/local/texlive/2024/texmf-dist/tex/latex/inconsolata/ts1zi4.fd)
[32{/usr/local/texlive/2024/texmf-dist/fonts/enc/dvips/inconsolata/i4-ts1.enc}]
[33]
Overfull \hbox (125.62906pt too wide) in paragraph at lines 1997--2001
[]\T1/ptm/m/n/10 Other se-man-tic en-rich-ment func-tions: [][][]\T1/zi4/m/n/10
 metavariable_agg[][][]()[]\T1/ptm/m/n/10 , [][][]\T1/zi4/m/n/10 metavariable_i
nfo[][][]()[]\T1/ptm/m/n/10 , [][][]\T1/zi4/m/n/10 metavariable_variable_descen
dants[][][]() 
[34] [35]
Overfull \hbox (6.33867pt too wide) in paragraph at lines 2084--2087
\T1/ptm/m/n/10 ing val-ues will be sup-plied by val-ues in cor-re-spond-ing row
s from []\T1/zi4/m/n/10 secondary_var[]\T1/ptm/m/n/10 . 

Overfull \hbox (76.32816pt too wide) in paragraph at lines 2091--2093
[]\T1/ptm/m/n/10 character con-stant. Name for merged vari-able. De-fault: [[]\
T1/zi4/m/n/10 primary_var[]\T1/ptm/m/n/10 ]_[[]\T1/zi4/m/n/10 secondary_var[]\T
1/ptm/m/n/10 ]_merged 
[36]
Overfull \hbox (79.50598pt too wide) in paragraph at lines 2172--2182
\T1/ptm/m/n/10 is-sue with [][][]\T1/zi4/m/n/10 tidygraph[][][] []\T1/ptm/m/n/1
0 which may be re-solved in a fu-ture re-lease: <https://github.com/thomasp85/t
idygraph/issues/131>.

Overfull \hbox (111.86583pt too wide) in paragraph at lines 2172--2182
\T1/ptm/m/n/10 to be an is-sue with [][][]\T1/zi4/m/n/10 tidygraph[][][] []\T1/
ptm/m/n/10 which may be re-solved in a fu-ture re-lease: <https://github.com/th
omasp85/tidygraph/issues/156>.

Overfull \hbox (135.62906pt too wide) in paragraph at lines 2185--2189
[]\T1/ptm/m/n/10 Other se-man-tic en-rich-ment func-tions: [][][]\T1/zi4/m/n/10
 join_vars_to_ontol[][][]()[]\T1/ptm/m/n/10 , [][][]\T1/zi4/m/n/10 metavariable
_info[][][]()[]\T1/ptm/m/n/10 , [][][]\T1/zi4/m/n/10 metavariable_variable_desc
endants[][][]() 
[37] [38]
Overfull \hbox (130.62906pt too wide) in paragraph at lines 2304--2308
[]\T1/ptm/m/n/10 Other se-man-tic en-rich-ment func-tions: [][][]\T1/zi4/m/n/10
 join_vars_to_ontol[][][]()[]\T1/ptm/m/n/10 , [][][]\T1/zi4/m/n/10 metavariable
_agg[][][]()[]\T1/ptm/m/n/10 , [][][]\T1/zi4/m/n/10 metavariable_variable_desce
ndants[][][]() 
[39]
Overfull \hbox (50.62906pt too wide) in paragraph at lines 2359--2363
[]\T1/ptm/m/n/10 Other se-man-tic en-rich-ment func-tions: [][][]\T1/zi4/m/n/10
 join_vars_to_ontol[][][]()[]\T1/ptm/m/n/10 , [][][]\T1/zi4/m/n/10 metavariable
_agg[][][]()[]\T1/ptm/m/n/10 , [][][]\T1/zi4/m/n/10 metavariable_info[][][]() 
[40] [41] [42] [43]
Overfull \hbox (1.27798pt too wide) in paragraph at lines 2567--2568
[]\T1/ptm/m/n/10 a log-i-cal in-di-cat-ing whether miss-ing val-ues should be r
e-moved. De-fault = TRUE. 
[44] [45]
Overfull \hbox (12.41687pt too wide) in paragraph at lines 2709--2711
[]\T1/ptm/m/n/10 Generates a bar plot of per-cent-age com-plete-ness for one or
 both data frame di-men-sions (rows/columns). 

Overfull \hbox (74.78928pt too wide) in paragraph at lines 2735--2741
[]\T1/ptm/m/n/10 Other mea-sures of com-plete-ness: [][][]\T1/zi4/m/n/10 assess
_completeness[][][]()[]\T1/ptm/m/n/10 , [][][]\T1/zi4/m/n/10 compare_completene
ss[][][]()[]\T1/ptm/m/n/10 , [][][]\T1/zi4/m/n/10 completeness_heatmap[][][]()[
]\T1/ptm/m/n/10 ,
[46] [47]
Overfull \hbox (20.79959pt too wide) in paragraph at lines 2855--2859
[]\T1/ptm/m/n/10 Other high level func-tion-al-ity: [][][]\T1/zi4/m/n/10 apply_
quality_ctrl[][][]()[]\T1/ptm/m/n/10 , [][][]\T1/zi4/m/n/10 assess_quality[][][
]()[]\T1/ptm/m/n/10 , [][][]\T1/zi4/m/n/10 semantic_enrichment[][][]() 
[48] [49]
Overfull \hbox (74.78928pt too wide) in paragraph at lines 2937--2943
[]\T1/ptm/m/n/10 Other mea-sures of com-plete-ness: [][][]\T1/zi4/m/n/10 assess
_completeness[][][]()[]\T1/ptm/m/n/10 , [][][]\T1/zi4/m/n/10 compare_completene
ss[][][]()[]\T1/ptm/m/n/10 , [][][]\T1/zi4/m/n/10 completeness_heatmap[][][]()[
]\T1/ptm/m/n/10 ,
[50]
Overfull \hbox (88.26692pt too wide) in paragraph at lines 3005--3013
\T1/ptm/m/n/10 their most in-for-ma-tive com-mon an-ces-tor. Meta-variables are
 la-belled us-ing the syn-tax: []\T1/zi4/m/n/10 MV_[label_attr]_[Aggregation

Overfull \hbox (79.31564pt too wide) in paragraph at lines 3020--3026
\T1/ptm/m/n/10 is-sue with 'tidy-graph' which may be re-solved in a fu-ture re-
lease: <https://github.com/thomasp85/tidygraph/issues/131>.

Overfull \hbox (111.67549pt too wide) in paragraph at lines 3020--3026
\T1/ptm/m/n/10 to be an is-sue with 'tidy-graph' which may be re-solved in a fu
-ture re-lease: <https://github.com/thomasp85/tidygraph/issues/156>.

Overfull \hbox (20.79959pt too wide) in paragraph at lines 3029--3033
[]\T1/ptm/m/n/10 Other high level func-tion-al-ity: [][][]\T1/zi4/m/n/10 apply_
quality_ctrl[][][]()[]\T1/ptm/m/n/10 , [][][]\T1/zi4/m/n/10 assess_quality[][][
]()[]\T1/ptm/m/n/10 , [][][]\T1/zi4/m/n/10 review_quality_ctrl[][][]() 
[51] [52]
Overfull \hbox (8.05658pt too wide) in paragraph at lines 3131--3133
[]\T1/ptm/m/n/10 Feinerer I, Hornik K (2020). _tm: Text Min-ing Pack-age_. R pa
ck-age ver-sion 0.7-8, <https://CRAN.R-
[53]
Overfull \hbox (8.05658pt too wide) in paragraph at lines 3206--3208
[]\T1/ptm/m/n/10 Feinerer I, Hornik K (2020). _tm: Text Min-ing Pack-age_. R pa
ck-age ver-sion 0.7-8, <https://CRAN.R-
[54]
Overfull \hbox (8.05658pt too wide) in paragraph at lines 3290--3292
[]\T1/ptm/m/n/10 Feinerer I, Hornik K (2020). _tm: Text Min-ing Pack-age_. R pa
ck-age ver-sion 0.7-8, <https://CRAN.R-
[55] [56] [57]
Overfull \hbox (0.76248pt too wide) in paragraph at lines 3473--3473
 []\T1/zi4/m/n/9 bean_rules <- tibble::tribble(~varA, ~varB, ~lgl_test, ~varA_b
oundaries, ~varB_boundaries,[] 
[58] [59]
Overfull \hbox (0.45734pt too wide) in paragraph at lines 3567--3570
[]\T1/ptm/m/n/10 A scal-ing fac-tor (ex-po-nent) ap-plied to the vari-able band
-width cal-cu-la-tion. Larger
[60]
Overfull \hbox (74.78928pt too wide) in paragraph at lines 3622--3628
[]\T1/ptm/m/n/10 Other mea-sures of com-plete-ness: [][][]\T1/zi4/m/n/10 assess
_completeness[][][]()[]\T1/ptm/m/n/10 , [][][]\T1/zi4/m/n/10 compare_completene
ss[][][]()[]\T1/ptm/m/n/10 , [][][]\T1/zi4/m/n/10 completeness_heatmap[][][]()[
]\T1/ptm/m/n/10 ,
[61] [62]
(/private/var/folders/4y/h4jdmmt969184lmkpsr8h1hc0000gp/T/RtmpvKKIKG/Rd2pdfbb2a
58142704/Rd2.ind [63]

LaTeX Font Warning: Font shape `T1/zi4/m/it' undefined
(Font)              using `T1/zi4/m/n' instead on input line 92.

[64] [65])
(/private/var/folders/4y/h4jdmmt969184lmkpsr8h1hc0000gp/T/RtmpvKKIKG/Rd2pdfbb2a
58142704/Rd2.aux)

LaTeX Font Warning: Some font shapes were not available, defaults substituted.


Package rerunfilecheck Warning: File `Rd2.out' has changed.
(rerunfilecheck)                Rerun to get outlines right
(rerunfilecheck)                or use package `bookmark'.

 )
(see the transcript file for additional information)
pdfTeX warning (dest): name{Rfn.regex} has been referenced but does not exist, 
replaced by a fixed one


pdfTeX warning (dest): name{Rfn.grepl} has been referenced but does not exist, 
replaced by a fixed one


pdfTeX warning (dest): name{Rfn.coalesce} has been referenced but does not exis
t, replaced by a fixed one


pdfTeX warning (dest): name{Rfn.read.Rul.tsv} has been referenced but does not 
exist, replaced by a fixed one


pdfTeX warning (dest): name{Rfn.read.Rul.csv} has been referenced but does not 
exist, replaced by a fixed one


pdfTeX warning (dest): name{Rfn.read.Rul.excel} has been referenced but does no
t exist, replaced by a fixed one


pdfTeX warning (dest): name{Rfn.tokens.Rul.ngrams} has been referenced but does
 not exist, replaced by a fixed one


pdfTeX warning (dest): name{Rfn.write.Rul.tsv} has been referenced but does not
 exist, replaced by a fixed one


pdfTeX warning (dest): name{Rfn.write.Rul.csv} has been referenced but does not
 exist, replaced by a fixed one


pdfTeX warning (dest): name{Rfn.tidy.Rdash.select} has been referenced but does
 not exist, replaced by a fixed one


pdfTeX warning (dest): name{Rfn.tidygraph} has been referenced but does not exi
st, replaced by a fixed one


pdfTeX warning (dest): name{Rfn.pheatmap} has been referenced but does not exis
t, replaced by a fixed one


pdfTeX warning (dest): name{Rfn.cell.Rul.spec} has been referenced but does not
 exist, replaced by a fixed one


pdfTeX warning (dest): name{Rfn.kable} has been referenced but does not exist, 
replaced by a fixed one

</usr/local/texlive/2024/texmf-dist/fonts/type1/public/inconsolata/Inconsolata-
zi4r.pfb></usr/local/texlive/2024/texmf-dist/fonts/type1/public/amsfonts/cm/cmm
i10.pfb></usr/local/texlive/2024/texmf-dist/fonts/type1/public/amsfonts/cm/cmr1
0.pfb></usr/local/texlive/2024/texmf-dist/fonts/type1/public/amsfonts/cm/cmsy10
.pfb></usr/local/texlive/2024/texmf-dist/fonts/type1/public/cm-super/sftt0900.p
fb></usr/local/texlive/2024/texmf-dist/fonts/type1/urw/helvetic/uhvr8a.pfb></us
r/local/texlive/2024/texmf-dist/fonts/type1/urw/times/utmb8a.pfb></usr/local/te
xlive/2024/texmf-dist/fonts/type1/urw/times/utmr8a.pfb></usr/local/texlive/2024
/texmf-dist/fonts/type1/urw/times/utmr8a.pfb></usr/local/texlive/2024/texmf-dis
t/fonts/type1/urw/times/utmri8a.pfb>
Output written on Rd2.pdf (65 pages, 276928 bytes).
Transcript written on Rd2.log.
This is makeindex, version 2.17 [TeX Live 2024] (kpathsea + Thai support).
Scanning input file Rd2.idx....done (261 entries accepted, 6 rejected).
Sorting entries.....done (2208 comparisons).
Generating output file Rd2.ind....done (261 lines written, 2 warnings).
Output written in Rd2.ind.
Transcript written in Rd2.ilg.
This is pdfTeX, Version 3.141592653-2.6-1.40.26 (TeX Live 2024) (preloaded format=pdflatex)
 restricted \write18 enabled.
entering extended mode
LaTeX2e <2023-11-01> patch level 1
L3 programming layer <2024-02-20>
(./Rd2.tex
(/usr/local/texlive/2024/texmf-dist/tex/latex/base/book.cls
Document Class: book 2023/05/17 v1.4n Standard LaTeX document class
(/usr/local/texlive/2024/texmf-dist/tex/latex/base/bk10.clo))
(/Library/Frameworks/R.framework/Resources/share/texmf/tex/latex/Rd.sty
(/usr/local/texlive/2024/texmf-dist/tex/latex/base/ifthen.sty)
(/usr/local/texlive/2024/texmf-dist/tex/generic/iftex/iftex.sty)
(/usr/local/texlive/2024/texmf-dist/tex/latex/tools/longtable.sty)
(/usr/local/texlive/2024/texmf-dist/tex/latex/tools/bm.sty)
(/usr/local/texlive/2024/texmf-dist/tex/latex/base/alltt.sty)
(/usr/local/texlive/2024/texmf-dist/tex/latex/tools/verbatim.sty)
(/usr/local/texlive/2024/texmf-dist/tex/latex/url/url.sty)
(/usr/local/texlive/2024/texmf-dist/tex/latex/base/textcomp.sty)
(/usr/local/texlive/2024/texmf-dist/tex/latex/amsmath/amsmath.sty
For additional information on amsmath, use the `?' option.
(/usr/local/texlive/2024/texmf-dist/tex/latex/amsmath/amstext.sty
(/usr/local/texlive/2024/texmf-dist/tex/latex/amsmath/amsgen.sty))
(/usr/local/texlive/2024/texmf-dist/tex/latex/amsmath/amsbsy.sty)
(/usr/local/texlive/2024/texmf-dist/tex/latex/amsmath/amsopn.sty))
(/usr/local/texlive/2024/texmf-dist/tex/latex/amsfonts/amsfonts.sty)
(/usr/local/texlive/2024/texmf-dist/tex/latex/amsfonts/amssymb.sty)
(/usr/local/texlive/2024/texmf-dist/tex/latex/jknapltx/mathrsfs.sty)
(/usr/local/texlive/2024/texmf-dist/tex/latex/base/fontenc.sty)
(/usr/local/texlive/2024/texmf-dist/tex/latex/psnfss/times.sty)
(/usr/local/texlive/2024/texmf-dist/tex/latex/inconsolata/zi4.sty
`inconsolata-zi4' v1.12, 2019/05/17 Text macros for Inconsolata (msharpe)
(/usr/local/texlive/2024/texmf-dist/tex/latex/xkeyval/xkeyval.sty
(/usr/local/texlive/2024/texmf-dist/tex/generic/xkeyval/xkeyval.tex
(/usr/local/texlive/2024/texmf-dist/tex/generic/xkeyval/xkvutils.tex
(/usr/local/texlive/2024/texmf-dist/tex/generic/xkeyval/keyval.tex)))))
(/usr/local/texlive/2024/texmf-dist/tex/latex/graphics/color.sty
(/usr/local/texlive/2024/texmf-dist/tex/latex/graphics-cfg/color.cfg)
(/usr/local/texlive/2024/texmf-dist/tex/latex/graphics-def/pdftex.def)
(/usr/local/texlive/2024/texmf-dist/tex/latex/graphics/mathcolor.ltx))
(/usr/local/texlive/2024/texmf-dist/tex/latex/hyperref/hyperref.sty
(/usr/local/texlive/2024/texmf-dist/tex/latex/kvsetkeys/kvsetkeys.sty)
(/usr/local/texlive/2024/texmf-dist/tex/generic/kvdefinekeys/kvdefinekeys.sty)
(/usr/local/texlive/2024/texmf-dist/tex/generic/pdfescape/pdfescape.sty
(/usr/local/texlive/2024/texmf-dist/tex/generic/ltxcmds/ltxcmds.sty)
(/usr/local/texlive/2024/texmf-dist/tex/generic/pdftexcmds/pdftexcmds.sty
(/usr/local/texlive/2024/texmf-dist/tex/generic/infwarerr/infwarerr.sty)))
(/usr/local/texlive/2024/texmf-dist/tex/latex/hycolor/hycolor.sty)
(/usr/local/texlive/2024/texmf-dist/tex/latex/auxhook/auxhook.sty)
(/usr/local/texlive/2024/texmf-dist/tex/latex/hyperref/nameref.sty
(/usr/local/texlive/2024/texmf-dist/tex/latex/refcount/refcount.sty)
(/usr/local/texlive/2024/texmf-dist/tex/generic/gettitlestring/gettitlestring.s
ty (/usr/local/texlive/2024/texmf-dist/tex/latex/kvoptions/kvoptions.sty)))
(/usr/local/texlive/2024/texmf-dist/tex/latex/etoolbox/etoolbox.sty)
(/usr/local/texlive/2024/texmf-dist/tex/latex/hyperref/pd1enc.def)
(/usr/local/texlive/2024/texmf-dist/tex/generic/intcalc/intcalc.sty)
(/usr/local/texlive/2024/texmf-dist/tex/latex/hyperref/puenc.def)
(/usr/local/texlive/2024/texmf-dist/tex/generic/bitset/bitset.sty
(/usr/local/texlive/2024/texmf-dist/tex/generic/bigintcalc/bigintcalc.sty))
(/usr/local/texlive/2024/texmf-dist/tex/latex/base/atbegshi-ltx.sty))
(/usr/local/texlive/2024/texmf-dist/tex/latex/hyperref/hpdftex.def
(/usr/local/texlive/2024/texmf-dist/tex/latex/base/atveryend-ltx.sty)
(/usr/local/texlive/2024/texmf-dist/tex/latex/rerunfilecheck/rerunfilecheck.sty

(/usr/local/texlive/2024/texmf-dist/tex/generic/uniquecounter/uniquecounter.sty
)))) (/usr/local/texlive/2024/texmf-dist/tex/latex/base/makeidx.sty)
Writing index file Rd2.idx
(/usr/local/texlive/2024/texmf-dist/tex/latex/psnfss/t1ptm.fd)
(/usr/local/texlive/2024/texmf-dist/tex/latex/l3backend/l3backend-pdftex.def)
(/private/var/folders/4y/h4jdmmt969184lmkpsr8h1hc0000gp/T/RtmpvKKIKG/Rd2pdfbb2a
58142704/Rd2.aux)
(/usr/local/texlive/2024/texmf-dist/tex/context/base/mkii/supp-pdf.mkii
[Loading MPS to PDF converter (version 2006.09.02).]
)
(/private/var/folders/4y/h4jdmmt969184lmkpsr8h1hc0000gp/T/RtmpvKKIKG/Rd2pdfbb2a
58142704/Rd2.out)
(/private/var/folders/4y/h4jdmmt969184lmkpsr8h1hc0000gp/T/RtmpvKKIKG/Rd2pdfbb2a
58142704/Rd2.out)
(/usr/local/texlive/2024/texmf-dist/tex/latex/inconsolata/t1zi4.fd)
(/usr/local/texlive/2024/texmf-dist/tex/latex/psnfss/ts1ptm.fd)
(/usr/local/texlive/2024/texmf-dist/tex/latex/amsfonts/umsa.fd)
(/usr/local/texlive/2024/texmf-dist/tex/latex/amsfonts/umsb.fd)
(/usr/local/texlive/2024/texmf-dist/tex/latex/jknapltx/ursfs.fd)
(/private/var/folders/4y/h4jdmmt969184lmkpsr8h1hc0000gp/T/RtmpvKKIKG/Rd2pdfbb2a
58142704/Rd2.toc [1{/usr/local/texlive/2024/texmf-var/fonts/map/pdftex/updmap/p
dftex.map}{/usr/local/texlive/2024/texmf-dist/fonts/enc/dvips/base/8r.enc}{/usr
/local/texlive/2024/texmf-dist/fonts/enc/dvips/inconsolata/i4-t1-0.enc}]
[2]) [3]
Overfull \hbox (0.82867pt too wide) in paragraph at lines 116--118
[]\T1/ptm/m/n/10 An un-quoted ex-pres-sion which cor-re-sponds to a vari-able (
col-umn) in []\T1/zi4/m/n/10 data []\T1/ptm/m/n/10 which

Overfull \hbox (24.5887pt too wide) in paragraph at lines 123--128
[]\T1/ptm/m/n/10 Optional named vec-tor of user-defined val-ues for bi-nary val
-ues us-ing []\T1/zi4/m/n/10 binary_label_1

Overfull \hbox (2.12885pt too wide) in paragraph at lines 129--132
[]\T1/ptm/m/n/10 Minimum fre-quency of oc-cur-rence [][][]\T1/zi4/m/n/10 extrac
t_freetext[][][] []\T1/ptm/m/n/10 will use to ex-tract groups
[4]
Overfull \hbox (25.79959pt too wide) in paragraph at lines 161--165
[]\T1/ptm/m/n/10 Other high level func-tion-al-ity: [][][]\T1/zi4/m/n/10 assess
_quality[][][]()[]\T1/ptm/m/n/10 , [][][]\T1/zi4/m/n/10 review_quality_ctrl[][]
[]()[]\T1/ptm/m/n/10 , [][][]\T1/zi4/m/n/10 semantic_enrichment[][][]() 
[5]
Overfull \hbox (0.82867pt too wide) in paragraph at lines 212--214
[]\T1/ptm/m/n/10 An un-quoted ex-pres-sion which cor-re-sponds to a vari-able (
col-umn) in []\T1/zi4/m/n/10 data []\T1/ptm/m/n/10 which

Overfull \hbox (50.96628pt too wide) in paragraph at lines 223--225
[]\T1/ptm/m/n/10 A tib-ble de-tail-ing com-plete-ness of vari-ables (columns) (
via [][][]\T1/zi4/m/n/10 variable_completeness[][][][]\T1/ptm/m/n/10 ). 

Overfull \hbox (64.78928pt too wide) in paragraph at lines 243--249
[]\T1/ptm/m/n/10 Other mea-sures of com-plete-ness: [][][]\T1/zi4/m/n/10 compar
e_completeness[][][]()[]\T1/ptm/m/n/10 , [][][]\T1/zi4/m/n/10 completeness_heat
map[][][]()[]\T1/ptm/m/n/10 , [][][]\T1/zi4/m/n/10 plot_completeness[][][]()[]\
T1/ptm/m/n/10 ,
[6]
Overfull \hbox (0.82867pt too wide) in paragraph at lines 290--292
[]\T1/ptm/m/n/10 An un-quoted ex-pres-sion which cor-re-sponds to a vari-able (
col-umn) in []\T1/zi4/m/n/10 data []\T1/ptm/m/n/10 which

Overfull \hbox (40.43805pt too wide) in paragraph at lines 318--320
[]\T1/ptm/m/n/10 - Names of vari-ables (columns) with zero en-tropy (via [][][]
\T1/zi4/m/n/10 zero_entropy_variables[][][][]\T1/ptm/m/n/10 ) 
[7]
Overfull \hbox (45.79959pt too wide) in paragraph at lines 357--361
[]\T1/ptm/m/n/10 Other high level func-tion-al-ity: [][][]\T1/zi4/m/n/10 apply_
quality_ctrl[][][]()[]\T1/ptm/m/n/10 , [][][]\T1/zi4/m/n/10 review_quality_ctrl
[][][]()[]\T1/ptm/m/n/10 , [][][]\T1/zi4/m/n/10 semantic_enrichment[][][]() 
(/usr/local/texlive/2024/texmf-dist/tex/latex/base/t1cmtt.fd)
(/usr/local/texlive/2024/texmf-dist/tex/latex/base/ts1cmtt.fd)
Overfull \hbox (0.76248pt too wide) in paragraph at lines 380--380
 []\T1/zi4/m/n/9 bean_rules <- tibble::tribble(~varA, ~varB, ~lgl_test, ~varA_b
oundaries, ~varB_boundaries,[] 
[8{/usr/local/texlive/2024/texmf-dist/fonts/enc/dvips/cm-super/cm-super-ts1.enc
}] [9]
Overfull \hbox (59.78928pt too wide) in paragraph at lines 538--544
[]\T1/ptm/m/n/10 Other mea-sures of com-plete-ness: [][][]\T1/zi4/m/n/10 assess
_completeness[][][]()[]\T1/ptm/m/n/10 , [][][]\T1/zi4/m/n/10 completeness_heatm
ap[][][]()[]\T1/ptm/m/n/10 , [][][]\T1/zi4/m/n/10 plot_completeness[][][]()[]\T
1/ptm/m/n/10 ,
[10] [11] [12] [13]
Overfull \hbox (59.78928pt too wide) in paragraph at lines 742--748
[]\T1/ptm/m/n/10 Other mea-sures of com-plete-ness: [][][]\T1/zi4/m/n/10 assess
_completeness[][][]()[]\T1/ptm/m/n/10 , [][][]\T1/zi4/m/n/10 compare_completene
ss[][][]()[]\T1/ptm/m/n/10 , [][][]\T1/zi4/m/n/10 plot_completeness[][][]()[]\T
1/ptm/m/n/10 ,
[14] [15] [16] [17] [18]
Overfull \hbox (46.78735pt too wide) in paragraph at lines 1025--1029
[]\T1/ptm/m/n/10 In a data frame, con-verts bi-nary cat-e-gories to fac-tors. O
r-der-ing of lev-els is stan-dard-ised to: []\T1/zi4/m/n/10 negative_finding,

Overfull \hbox (24.5887pt too wide) in paragraph at lines 1047--1050
[]\T1/ptm/m/n/10 Optional named vec-tor of user-defined val-ues for bi-nary val
-ues us-ing []\T1/zi4/m/n/10 binary_label_1
[19]
Overfull \hbox (24.5887pt too wide) in paragraph at lines 1097--1100
[]\T1/ptm/m/n/10 Optional named vec-tor of user-defined val-ues for bi-nary val
-ues us-ing []\T1/zi4/m/n/10 binary_label_1
[20] [21] [22] [23] [24]
(/usr/local/texlive/2024/texmf-dist/tex/latex/psnfss/t1phv.fd) [25] [26]
[27] [28]
Overfull \hbox (8.05658pt too wide) in paragraph at lines 1613--1615
[]\T1/ptm/m/n/10 Feinerer I, Hornik K (2020). _tm: Text Min-ing Pack-age_. R pa
ck-age ver-sion 0.7-8, <https://CRAN.R-
[29] [30] [31]
Overfull \hbox (0.76248pt too wide) in paragraph at lines 1760--1760
 []\T1/zi4/m/n/9 bean_rules <- tibble::tribble(~varA, ~varB, ~lgl_test, ~varA_b
oundaries, ~varB_boundaries,[] 
[32] (/usr/local/texlive/2024/texmf-dist/tex/latex/inconsolata/ts1zi4.fd)
[33{/usr/local/texlive/2024/texmf-dist/fonts/enc/dvips/inconsolata/i4-ts1.enc}]
[34]
Overfull \hbox (125.62906pt too wide) in paragraph at lines 1997--2001
[]\T1/ptm/m/n/10 Other se-man-tic en-rich-ment func-tions: [][][]\T1/zi4/m/n/10
 metavariable_agg[][][]()[]\T1/ptm/m/n/10 , [][][]\T1/zi4/m/n/10 metavariable_i
nfo[][][]()[]\T1/ptm/m/n/10 , [][][]\T1/zi4/m/n/10 metavariable_variable_descen
dants[][][]() 
[35] [36]
Overfull \hbox (6.33867pt too wide) in paragraph at lines 2084--2087
\T1/ptm/m/n/10 ing val-ues will be sup-plied by val-ues in cor-re-spond-ing row
s from []\T1/zi4/m/n/10 secondary_var[]\T1/ptm/m/n/10 . 

Overfull \hbox (76.32816pt too wide) in paragraph at lines 2091--2093
[]\T1/ptm/m/n/10 character con-stant. Name for merged vari-able. De-fault: [[]\
T1/zi4/m/n/10 primary_var[]\T1/ptm/m/n/10 ]_[[]\T1/zi4/m/n/10 secondary_var[]\T
1/ptm/m/n/10 ]_merged 
[37]
Overfull \hbox (79.50598pt too wide) in paragraph at lines 2172--2182
\T1/ptm/m/n/10 is-sue with [][][]\T1/zi4/m/n/10 tidygraph[][][] []\T1/ptm/m/n/1
0 which may be re-solved in a fu-ture re-lease: <https://github.com/thomasp85/t
idygraph/issues/131>.

Overfull \hbox (111.86583pt too wide) in paragraph at lines 2172--2182
\T1/ptm/m/n/10 to be an is-sue with [][][]\T1/zi4/m/n/10 tidygraph[][][] []\T1/
ptm/m/n/10 which may be re-solved in a fu-ture re-lease: <https://github.com/th
omasp85/tidygraph/issues/156>.

Overfull \hbox (135.62906pt too wide) in paragraph at lines 2185--2189
[]\T1/ptm/m/n/10 Other se-man-tic en-rich-ment func-tions: [][][]\T1/zi4/m/n/10
 join_vars_to_ontol[][][]()[]\T1/ptm/m/n/10 , [][][]\T1/zi4/m/n/10 metavariable
_info[][][]()[]\T1/ptm/m/n/10 , [][][]\T1/zi4/m/n/10 metavariable_variable_desc
endants[][][]() 
[38] [39]
Overfull \hbox (130.62906pt too wide) in paragraph at lines 2304--2308
[]\T1/ptm/m/n/10 Other se-man-tic en-rich-ment func-tions: [][][]\T1/zi4/m/n/10
 join_vars_to_ontol[][][]()[]\T1/ptm/m/n/10 , [][][]\T1/zi4/m/n/10 metavariable
_agg[][][]()[]\T1/ptm/m/n/10 , [][][]\T1/zi4/m/n/10 metavariable_variable_desce
ndants[][][]() 
[40]
Overfull \hbox (50.62906pt too wide) in paragraph at lines 2359--2363
[]\T1/ptm/m/n/10 Other se-man-tic en-rich-ment func-tions: [][][]\T1/zi4/m/n/10
 join_vars_to_ontol[][][]()[]\T1/ptm/m/n/10 , [][][]\T1/zi4/m/n/10 metavariable
_agg[][][]()[]\T1/ptm/m/n/10 , [][][]\T1/zi4/m/n/10 metavariable_info[][][]() 
[41] [42] [43] [44]
Overfull \hbox (1.27798pt too wide) in paragraph at lines 2567--2568
[]\T1/ptm/m/n/10 a log-i-cal in-di-cat-ing whether miss-ing val-ues should be r
e-moved. De-fault = TRUE. 
[45] [46]
Overfull \hbox (12.41687pt too wide) in paragraph at lines 2709--2711
[]\T1/ptm/m/n/10 Generates a bar plot of per-cent-age com-plete-ness for one or
 both data frame di-men-sions (rows/columns). 

Overfull \hbox (74.78928pt too wide) in paragraph at lines 2735--2741
[]\T1/ptm/m/n/10 Other mea-sures of com-plete-ness: [][][]\T1/zi4/m/n/10 assess
_completeness[][][]()[]\T1/ptm/m/n/10 , [][][]\T1/zi4/m/n/10 compare_completene
ss[][][]()[]\T1/ptm/m/n/10 , [][][]\T1/zi4/m/n/10 completeness_heatmap[][][]()[
]\T1/ptm/m/n/10 ,
[47] [48]
Overfull \hbox (20.79959pt too wide) in paragraph at lines 2855--2859
[]\T1/ptm/m/n/10 Other high level func-tion-al-ity: [][][]\T1/zi4/m/n/10 apply_
quality_ctrl[][][]()[]\T1/ptm/m/n/10 , [][][]\T1/zi4/m/n/10 assess_quality[][][
]()[]\T1/ptm/m/n/10 , [][][]\T1/zi4/m/n/10 semantic_enrichment[][][]() 
[49] [50]
Overfull \hbox (74.78928pt too wide) in paragraph at lines 2937--2943
[]\T1/ptm/m/n/10 Other mea-sures of com-plete-ness: [][][]\T1/zi4/m/n/10 assess
_completeness[][][]()[]\T1/ptm/m/n/10 , [][][]\T1/zi4/m/n/10 compare_completene
ss[][][]()[]\T1/ptm/m/n/10 , [][][]\T1/zi4/m/n/10 completeness_heatmap[][][]()[
]\T1/ptm/m/n/10 ,
[51]
Overfull \hbox (88.26692pt too wide) in paragraph at lines 3005--3013
\T1/ptm/m/n/10 their most in-for-ma-tive com-mon an-ces-tor. Meta-variables are
 la-belled us-ing the syn-tax: []\T1/zi4/m/n/10 MV_[label_attr]_[Aggregation

Overfull \hbox (79.31564pt too wide) in paragraph at lines 3020--3026
\T1/ptm/m/n/10 is-sue with 'tidy-graph' which may be re-solved in a fu-ture re-
lease: <https://github.com/thomasp85/tidygraph/issues/131>.

Overfull \hbox (111.67549pt too wide) in paragraph at lines 3020--3026
\T1/ptm/m/n/10 to be an is-sue with 'tidy-graph' which may be re-solved in a fu
-ture re-lease: <https://github.com/thomasp85/tidygraph/issues/156>.

Overfull \hbox (20.79959pt too wide) in paragraph at lines 3029--3033
[]\T1/ptm/m/n/10 Other high level func-tion-al-ity: [][][]\T1/zi4/m/n/10 apply_
quality_ctrl[][][]()[]\T1/ptm/m/n/10 , [][][]\T1/zi4/m/n/10 assess_quality[][][
]()[]\T1/ptm/m/n/10 , [][][]\T1/zi4/m/n/10 review_quality_ctrl[][][]() 
[52] [53]
Overfull \hbox (8.05658pt too wide) in paragraph at lines 3131--3133
[]\T1/ptm/m/n/10 Feinerer I, Hornik K (2020). _tm: Text Min-ing Pack-age_. R pa
ck-age ver-sion 0.7-8, <https://CRAN.R-
[54]
Overfull \hbox (8.05658pt too wide) in paragraph at lines 3206--3208
[]\T1/ptm/m/n/10 Feinerer I, Hornik K (2020). _tm: Text Min-ing Pack-age_. R pa
ck-age ver-sion 0.7-8, <https://CRAN.R-
[55]
Overfull \hbox (8.05658pt too wide) in paragraph at lines 3290--3292
[]\T1/ptm/m/n/10 Feinerer I, Hornik K (2020). _tm: Text Min-ing Pack-age_. R pa
ck-age ver-sion 0.7-8, <https://CRAN.R-
[56] [57] [58]
Overfull \hbox (0.76248pt too wide) in paragraph at lines 3473--3473
 []\T1/zi4/m/n/9 bean_rules <- tibble::tribble(~varA, ~varB, ~lgl_test, ~varA_b
oundaries, ~varB_boundaries,[] 
[59] [60]
Overfull \hbox (0.45734pt too wide) in paragraph at lines 3567--3570
[]\T1/ptm/m/n/10 A scal-ing fac-tor (ex-po-nent) ap-plied to the vari-able band
-width cal-cu-la-tion. Larger
[61]
Overfull \hbox (74.78928pt too wide) in paragraph at lines 3622--3628
[]\T1/ptm/m/n/10 Other mea-sures of com-plete-ness: [][][]\T1/zi4/m/n/10 assess
_completeness[][][]()[]\T1/ptm/m/n/10 , [][][]\T1/zi4/m/n/10 compare_completene
ss[][][]()[]\T1/ptm/m/n/10 , [][][]\T1/zi4/m/n/10 completeness_heatmap[][][]()[
]\T1/ptm/m/n/10 ,
[62] [63]
(/private/var/folders/4y/h4jdmmt969184lmkpsr8h1hc0000gp/T/RtmpvKKIKG/Rd2pdfbb2a
58142704/Rd2.ind [64]

LaTeX Font Warning: Font shape `T1/zi4/m/it' undefined
(Font)              using `T1/zi4/m/n' instead on input line 92.

[65] [66])
(/private/var/folders/4y/h4jdmmt969184lmkpsr8h1hc0000gp/T/RtmpvKKIKG/Rd2pdfbb2a
58142704/Rd2.aux)

LaTeX Font Warning: Some font shapes were not available, defaults substituted.

 )
(see the transcript file for additional information)
pdfTeX warning (dest): name{Rfn.regex} has been referenced but does not exist, 
replaced by a fixed one


pdfTeX warning (dest): name{Rfn.grepl} has been referenced but does not exist, 
replaced by a fixed one


pdfTeX warning (dest): name{Rfn.coalesce} has been referenced but does not exis
t, replaced by a fixed one


pdfTeX warning (dest): name{Rfn.read.Rul.tsv} has been referenced but does not 
exist, replaced by a fixed one


pdfTeX warning (dest): name{Rfn.read.Rul.csv} has been referenced but does not 
exist, replaced by a fixed one


pdfTeX warning (dest): name{Rfn.read.Rul.excel} has been referenced but does no
t exist, replaced by a fixed one


pdfTeX warning (dest): name{Rfn.tokens.Rul.ngrams} has been referenced but does
 not exist, replaced by a fixed one


pdfTeX warning (dest): name{Rfn.write.Rul.tsv} has been referenced but does not
 exist, replaced by a fixed one


pdfTeX warning (dest): name{Rfn.write.Rul.csv} has been referenced but does not
 exist, replaced by a fixed one


pdfTeX warning (dest): name{Rfn.tidy.Rdash.select} has been referenced but does
 not exist, replaced by a fixed one


pdfTeX warning (dest): name{Rfn.tidygraph} has been referenced but does not exi
st, replaced by a fixed one


pdfTeX warning (dest): name{Rfn.pheatmap} has been referenced but does not exis
t, replaced by a fixed one


pdfTeX warning (dest): name{Rfn.cell.Rul.spec} has been referenced but does not
 exist, replaced by a fixed one


pdfTeX warning (dest): name{Rfn.kable} has been referenced but does not exist, 
replaced by a fixed one

</usr/local/texlive/2024/texmf-dist/fonts/type1/public/inconsolata/Inconsolata-
zi4r.pfb></usr/local/texlive/2024/texmf-dist/fonts/type1/public/amsfonts/cm/cmm
i10.pfb></usr/local/texlive/2024/texmf-dist/fonts/type1/public/amsfonts/cm/cmr1
0.pfb></usr/local/texlive/2024/texmf-dist/fonts/type1/public/amsfonts/cm/cmsy10
.pfb></usr/local/texlive/2024/texmf-dist/fonts/type1/public/cm-super/sftt0900.p
fb></usr/local/texlive/2024/texmf-dist/fonts/type1/urw/helvetic/uhvr8a.pfb></us
r/local/texlive/2024/texmf-dist/fonts/type1/urw/times/utmb8a.pfb></usr/local/te
xlive/2024/texmf-dist/fonts/type1/urw/times/utmr8a.pfb></usr/local/texlive/2024
/texmf-dist/fonts/type1/urw/times/utmr8a.pfb></usr/local/texlive/2024/texmf-dis
t/fonts/type1/urw/times/utmri8a.pfb>
Output written on Rd2.pdf (66 pages, 278090 bytes).
Transcript written on Rd2.log.
This is makeindex, version 2.17 [TeX Live 2024] (kpathsea + Thai support).
Scanning input file Rd2.idx....done (261 entries accepted, 6 rejected).
Sorting entries.....done (2206 comparisons).
Generating output file Rd2.ind....done (261 lines written, 3 warnings).
Output written in Rd2.ind.
Transcript written in Rd2.ilg.
This is pdfTeX, Version 3.141592653-2.6-1.40.26 (TeX Live 2024) (preloaded format=pdflatex)
 restricted \write18 enabled.
entering extended mode
LaTeX2e <2023-11-01> patch level 1
L3 programming layer <2024-02-20>
(./Rd2.tex
(/usr/local/texlive/2024/texmf-dist/tex/latex/base/book.cls
Document Class: book 2023/05/17 v1.4n Standard LaTeX document class
(/usr/local/texlive/2024/texmf-dist/tex/latex/base/bk10.clo))
(/Library/Frameworks/R.framework/Resources/share/texmf/tex/latex/Rd.sty
(/usr/local/texlive/2024/texmf-dist/tex/latex/base/ifthen.sty)
(/usr/local/texlive/2024/texmf-dist/tex/generic/iftex/iftex.sty)
(/usr/local/texlive/2024/texmf-dist/tex/latex/tools/longtable.sty)
(/usr/local/texlive/2024/texmf-dist/tex/latex/tools/bm.sty)
(/usr/local/texlive/2024/texmf-dist/tex/latex/base/alltt.sty)
(/usr/local/texlive/2024/texmf-dist/tex/latex/tools/verbatim.sty)
(/usr/local/texlive/2024/texmf-dist/tex/latex/url/url.sty)
(/usr/local/texlive/2024/texmf-dist/tex/latex/base/textcomp.sty)
(/usr/local/texlive/2024/texmf-dist/tex/latex/amsmath/amsmath.sty
For additional information on amsmath, use the `?' option.
(/usr/local/texlive/2024/texmf-dist/tex/latex/amsmath/amstext.sty
(/usr/local/texlive/2024/texmf-dist/tex/latex/amsmath/amsgen.sty))
(/usr/local/texlive/2024/texmf-dist/tex/latex/amsmath/amsbsy.sty)
(/usr/local/texlive/2024/texmf-dist/tex/latex/amsmath/amsopn.sty))
(/usr/local/texlive/2024/texmf-dist/tex/latex/amsfonts/amsfonts.sty)
(/usr/local/texlive/2024/texmf-dist/tex/latex/amsfonts/amssymb.sty)
(/usr/local/texlive/2024/texmf-dist/tex/latex/jknapltx/mathrsfs.sty)
(/usr/local/texlive/2024/texmf-dist/tex/latex/base/fontenc.sty)
(/usr/local/texlive/2024/texmf-dist/tex/latex/psnfss/times.sty)
(/usr/local/texlive/2024/texmf-dist/tex/latex/inconsolata/zi4.sty
`inconsolata-zi4' v1.12, 2019/05/17 Text macros for Inconsolata (msharpe)
(/usr/local/texlive/2024/texmf-dist/tex/latex/xkeyval/xkeyval.sty
(/usr/local/texlive/2024/texmf-dist/tex/generic/xkeyval/xkeyval.tex
(/usr/local/texlive/2024/texmf-dist/tex/generic/xkeyval/xkvutils.tex
(/usr/local/texlive/2024/texmf-dist/tex/generic/xkeyval/keyval.tex)))))
(/usr/local/texlive/2024/texmf-dist/tex/latex/graphics/color.sty
(/usr/local/texlive/2024/texmf-dist/tex/latex/graphics-cfg/color.cfg)
(/usr/local/texlive/2024/texmf-dist/tex/latex/graphics-def/pdftex.def)
(/usr/local/texlive/2024/texmf-dist/tex/latex/graphics/mathcolor.ltx))
(/usr/local/texlive/2024/texmf-dist/tex/latex/hyperref/hyperref.sty
(/usr/local/texlive/2024/texmf-dist/tex/latex/kvsetkeys/kvsetkeys.sty)
(/usr/local/texlive/2024/texmf-dist/tex/generic/kvdefinekeys/kvdefinekeys.sty)
(/usr/local/texlive/2024/texmf-dist/tex/generic/pdfescape/pdfescape.sty
(/usr/local/texlive/2024/texmf-dist/tex/generic/ltxcmds/ltxcmds.sty)
(/usr/local/texlive/2024/texmf-dist/tex/generic/pdftexcmds/pdftexcmds.sty
(/usr/local/texlive/2024/texmf-dist/tex/generic/infwarerr/infwarerr.sty)))
(/usr/local/texlive/2024/texmf-dist/tex/latex/hycolor/hycolor.sty)
(/usr/local/texlive/2024/texmf-dist/tex/latex/auxhook/auxhook.sty)
(/usr/local/texlive/2024/texmf-dist/tex/latex/hyperref/nameref.sty
(/usr/local/texlive/2024/texmf-dist/tex/latex/refcount/refcount.sty)
(/usr/local/texlive/2024/texmf-dist/tex/generic/gettitlestring/gettitlestring.s
ty (/usr/local/texlive/2024/texmf-dist/tex/latex/kvoptions/kvoptions.sty)))
(/usr/local/texlive/2024/texmf-dist/tex/latex/etoolbox/etoolbox.sty)
(/usr/local/texlive/2024/texmf-dist/tex/latex/hyperref/pd1enc.def)
(/usr/local/texlive/2024/texmf-dist/tex/generic/intcalc/intcalc.sty)
(/usr/local/texlive/2024/texmf-dist/tex/latex/hyperref/puenc.def)
(/usr/local/texlive/2024/texmf-dist/tex/generic/bitset/bitset.sty
(/usr/local/texlive/2024/texmf-dist/tex/generic/bigintcalc/bigintcalc.sty))
(/usr/local/texlive/2024/texmf-dist/tex/latex/base/atbegshi-ltx.sty))
(/usr/local/texlive/2024/texmf-dist/tex/latex/hyperref/hpdftex.def
(/usr/local/texlive/2024/texmf-dist/tex/latex/base/atveryend-ltx.sty)
(/usr/local/texlive/2024/texmf-dist/tex/latex/rerunfilecheck/rerunfilecheck.sty

(/usr/local/texlive/2024/texmf-dist/tex/generic/uniquecounter/uniquecounter.sty
)))) (/usr/local/texlive/2024/texmf-dist/tex/latex/base/makeidx.sty)
Writing index file Rd2.idx
(/usr/local/texlive/2024/texmf-dist/tex/latex/psnfss/t1ptm.fd)
(/usr/local/texlive/2024/texmf-dist/tex/latex/l3backend/l3backend-pdftex.def)
(/private/var/folders/4y/h4jdmmt969184lmkpsr8h1hc0000gp/T/RtmpvKKIKG/Rd2pdfbb2a
58142704/Rd2.aux)
(/usr/local/texlive/2024/texmf-dist/tex/context/base/mkii/supp-pdf.mkii
[Loading MPS to PDF converter (version 2006.09.02).]
)
(/private/var/folders/4y/h4jdmmt969184lmkpsr8h1hc0000gp/T/RtmpvKKIKG/Rd2pdfbb2a
58142704/Rd2.out)
(/private/var/folders/4y/h4jdmmt969184lmkpsr8h1hc0000gp/T/RtmpvKKIKG/Rd2pdfbb2a
58142704/Rd2.out)
(/usr/local/texlive/2024/texmf-dist/tex/latex/inconsolata/t1zi4.fd)
(/usr/local/texlive/2024/texmf-dist/tex/latex/psnfss/ts1ptm.fd)
(/usr/local/texlive/2024/texmf-dist/tex/latex/amsfonts/umsa.fd)
(/usr/local/texlive/2024/texmf-dist/tex/latex/amsfonts/umsb.fd)
(/usr/local/texlive/2024/texmf-dist/tex/latex/jknapltx/ursfs.fd)
(/private/var/folders/4y/h4jdmmt969184lmkpsr8h1hc0000gp/T/RtmpvKKIKG/Rd2pdfbb2a
58142704/Rd2.toc [1{/usr/local/texlive/2024/texmf-var/fonts/map/pdftex/updmap/p
dftex.map}{/usr/local/texlive/2024/texmf-dist/fonts/enc/dvips/base/8r.enc}{/usr
/local/texlive/2024/texmf-dist/fonts/enc/dvips/inconsolata/i4-t1-0.enc}]
[2]) [3]
Overfull \hbox (0.82867pt too wide) in paragraph at lines 116--118
[]\T1/ptm/m/n/10 An un-quoted ex-pres-sion which cor-re-sponds to a vari-able (
col-umn) in []\T1/zi4/m/n/10 data []\T1/ptm/m/n/10 which

Overfull \hbox (24.5887pt too wide) in paragraph at lines 123--128
[]\T1/ptm/m/n/10 Optional named vec-tor of user-defined val-ues for bi-nary val
-ues us-ing []\T1/zi4/m/n/10 binary_label_1

Overfull \hbox (2.12885pt too wide) in paragraph at lines 129--132
[]\T1/ptm/m/n/10 Minimum fre-quency of oc-cur-rence [][][]\T1/zi4/m/n/10 extrac
t_freetext[][][] []\T1/ptm/m/n/10 will use to ex-tract groups
[4]
Overfull \hbox (25.79959pt too wide) in paragraph at lines 161--165
[]\T1/ptm/m/n/10 Other high level func-tion-al-ity: [][][]\T1/zi4/m/n/10 assess
_quality[][][]()[]\T1/ptm/m/n/10 , [][][]\T1/zi4/m/n/10 review_quality_ctrl[][]
[]()[]\T1/ptm/m/n/10 , [][][]\T1/zi4/m/n/10 semantic_enrichment[][][]() 
[5]
Overfull \hbox (0.82867pt too wide) in paragraph at lines 212--214
[]\T1/ptm/m/n/10 An un-quoted ex-pres-sion which cor-re-sponds to a vari-able (
col-umn) in []\T1/zi4/m/n/10 data []\T1/ptm/m/n/10 which

Overfull \hbox (50.96628pt too wide) in paragraph at lines 223--225
[]\T1/ptm/m/n/10 A tib-ble de-tail-ing com-plete-ness of vari-ables (columns) (
via [][][]\T1/zi4/m/n/10 variable_completeness[][][][]\T1/ptm/m/n/10 ). 

Overfull \hbox (64.78928pt too wide) in paragraph at lines 243--249
[]\T1/ptm/m/n/10 Other mea-sures of com-plete-ness: [][][]\T1/zi4/m/n/10 compar
e_completeness[][][]()[]\T1/ptm/m/n/10 , [][][]\T1/zi4/m/n/10 completeness_heat
map[][][]()[]\T1/ptm/m/n/10 , [][][]\T1/zi4/m/n/10 plot_completeness[][][]()[]\
T1/ptm/m/n/10 ,
[6]
Overfull \hbox (0.82867pt too wide) in paragraph at lines 290--292
[]\T1/ptm/m/n/10 An un-quoted ex-pres-sion which cor-re-sponds to a vari-able (
col-umn) in []\T1/zi4/m/n/10 data []\T1/ptm/m/n/10 which

Overfull \hbox (40.43805pt too wide) in paragraph at lines 318--320
[]\T1/ptm/m/n/10 - Names of vari-ables (columns) with zero en-tropy (via [][][]
\T1/zi4/m/n/10 zero_entropy_variables[][][][]\T1/ptm/m/n/10 ) 
[7]
Overfull \hbox (45.79959pt too wide) in paragraph at lines 357--361
[]\T1/ptm/m/n/10 Other high level func-tion-al-ity: [][][]\T1/zi4/m/n/10 apply_
quality_ctrl[][][]()[]\T1/ptm/m/n/10 , [][][]\T1/zi4/m/n/10 review_quality_ctrl
[][][]()[]\T1/ptm/m/n/10 , [][][]\T1/zi4/m/n/10 semantic_enrichment[][][]() 
(/usr/local/texlive/2024/texmf-dist/tex/latex/base/t1cmtt.fd)
(/usr/local/texlive/2024/texmf-dist/tex/latex/base/ts1cmtt.fd)
Overfull \hbox (0.76248pt too wide) in paragraph at lines 380--380
 []\T1/zi4/m/n/9 bean_rules <- tibble::tribble(~varA, ~varB, ~lgl_test, ~varA_b
oundaries, ~varB_boundaries,[] 
[8{/usr/local/texlive/2024/texmf-dist/fonts/enc/dvips/cm-super/cm-super-ts1.enc
}] [9]
Overfull \hbox (59.78928pt too wide) in paragraph at lines 538--544
[]\T1/ptm/m/n/10 Other mea-sures of com-plete-ness: [][][]\T1/zi4/m/n/10 assess
_completeness[][][]()[]\T1/ptm/m/n/10 , [][][]\T1/zi4/m/n/10 completeness_heatm
ap[][][]()[]\T1/ptm/m/n/10 , [][][]\T1/zi4/m/n/10 plot_completeness[][][]()[]\T
1/ptm/m/n/10 ,
[10] [11] [12] [13]
Overfull \hbox (59.78928pt too wide) in paragraph at lines 742--748
[]\T1/ptm/m/n/10 Other mea-sures of com-plete-ness: [][][]\T1/zi4/m/n/10 assess
_completeness[][][]()[]\T1/ptm/m/n/10 , [][][]\T1/zi4/m/n/10 compare_completene
ss[][][]()[]\T1/ptm/m/n/10 , [][][]\T1/zi4/m/n/10 plot_completeness[][][]()[]\T
1/ptm/m/n/10 ,
[14] [15] [16] [17] [18]
Overfull \hbox (46.78735pt too wide) in paragraph at lines 1025--1029
[]\T1/ptm/m/n/10 In a data frame, con-verts bi-nary cat-e-gories to fac-tors. O
r-der-ing of lev-els is stan-dard-ised to: []\T1/zi4/m/n/10 negative_finding,

Overfull \hbox (24.5887pt too wide) in paragraph at lines 1047--1050
[]\T1/ptm/m/n/10 Optional named vec-tor of user-defined val-ues for bi-nary val
-ues us-ing []\T1/zi4/m/n/10 binary_label_1
[19]
Overfull \hbox (24.5887pt too wide) in paragraph at lines 1097--1100
[]\T1/ptm/m/n/10 Optional named vec-tor of user-defined val-ues for bi-nary val
-ues us-ing []\T1/zi4/m/n/10 binary_label_1
[20] [21] [22] [23] [24]
(/usr/local/texlive/2024/texmf-dist/tex/latex/psnfss/t1phv.fd) [25] [26]
[27] [28]
Overfull \hbox (8.05658pt too wide) in paragraph at lines 1613--1615
[]\T1/ptm/m/n/10 Feinerer I, Hornik K (2020). _tm: Text Min-ing Pack-age_. R pa
ck-age ver-sion 0.7-8, <https://CRAN.R-
[29] [30] [31]
Overfull \hbox (0.76248pt too wide) in paragraph at lines 1760--1760
 []\T1/zi4/m/n/9 bean_rules <- tibble::tribble(~varA, ~varB, ~lgl_test, ~varA_b
oundaries, ~varB_boundaries,[] 
[32] (/usr/local/texlive/2024/texmf-dist/tex/latex/inconsolata/ts1zi4.fd)
[33{/usr/local/texlive/2024/texmf-dist/fonts/enc/dvips/inconsolata/i4-ts1.enc}]
[34]
Overfull \hbox (125.62906pt too wide) in paragraph at lines 1997--2001
[]\T1/ptm/m/n/10 Other se-man-tic en-rich-ment func-tions: [][][]\T1/zi4/m/n/10
 metavariable_agg[][][]()[]\T1/ptm/m/n/10 , [][][]\T1/zi4/m/n/10 metavariable_i
nfo[][][]()[]\T1/ptm/m/n/10 , [][][]\T1/zi4/m/n/10 metavariable_variable_descen
dants[][][]() 
[35] [36]
Overfull \hbox (6.33867pt too wide) in paragraph at lines 2084--2087
\T1/ptm/m/n/10 ing val-ues will be sup-plied by val-ues in cor-re-spond-ing row
s from []\T1/zi4/m/n/10 secondary_var[]\T1/ptm/m/n/10 . 

Overfull \hbox (76.32816pt too wide) in paragraph at lines 2091--2093
[]\T1/ptm/m/n/10 character con-stant. Name for merged vari-able. De-fault: [[]\
T1/zi4/m/n/10 primary_var[]\T1/ptm/m/n/10 ]_[[]\T1/zi4/m/n/10 secondary_var[]\T
1/ptm/m/n/10 ]_merged 
[37]
Overfull \hbox (79.50598pt too wide) in paragraph at lines 2172--2182
\T1/ptm/m/n/10 is-sue with [][][]\T1/zi4/m/n/10 tidygraph[][][] []\T1/ptm/m/n/1
0 which may be re-solved in a fu-ture re-lease: <https://github.com/thomasp85/t
idygraph/issues/131>.

Overfull \hbox (111.86583pt too wide) in paragraph at lines 2172--2182
\T1/ptm/m/n/10 to be an is-sue with [][][]\T1/zi4/m/n/10 tidygraph[][][] []\T1/
ptm/m/n/10 which may be re-solved in a fu-ture re-lease: <https://github.com/th
omasp85/tidygraph/issues/156>.

Overfull \hbox (135.62906pt too wide) in paragraph at lines 2185--2189
[]\T1/ptm/m/n/10 Other se-man-tic en-rich-ment func-tions: [][][]\T1/zi4/m/n/10
 join_vars_to_ontol[][][]()[]\T1/ptm/m/n/10 , [][][]\T1/zi4/m/n/10 metavariable
_info[][][]()[]\T1/ptm/m/n/10 , [][][]\T1/zi4/m/n/10 metavariable_variable_desc
endants[][][]() 
[38] [39]
Overfull \hbox (130.62906pt too wide) in paragraph at lines 2304--2308
[]\T1/ptm/m/n/10 Other se-man-tic en-rich-ment func-tions: [][][]\T1/zi4/m/n/10
 join_vars_to_ontol[][][]()[]\T1/ptm/m/n/10 , [][][]\T1/zi4/m/n/10 metavariable
_agg[][][]()[]\T1/ptm/m/n/10 , [][][]\T1/zi4/m/n/10 metavariable_variable_desce
ndants[][][]() 
[40]
Overfull \hbox (50.62906pt too wide) in paragraph at lines 2359--2363
[]\T1/ptm/m/n/10 Other se-man-tic en-rich-ment func-tions: [][][]\T1/zi4/m/n/10
 join_vars_to_ontol[][][]()[]\T1/ptm/m/n/10 , [][][]\T1/zi4/m/n/10 metavariable
_agg[][][]()[]\T1/ptm/m/n/10 , [][][]\T1/zi4/m/n/10 metavariable_info[][][]() 
[41] [42] [43] [44]
Overfull \hbox (1.27798pt too wide) in paragraph at lines 2567--2568
[]\T1/ptm/m/n/10 a log-i-cal in-di-cat-ing whether miss-ing val-ues should be r
e-moved. De-fault = TRUE. 
[45] [46]
Overfull \hbox (12.41687pt too wide) in paragraph at lines 2709--2711
[]\T1/ptm/m/n/10 Generates a bar plot of per-cent-age com-plete-ness for one or
 both data frame di-men-sions (rows/columns). 

Overfull \hbox (74.78928pt too wide) in paragraph at lines 2735--2741
[]\T1/ptm/m/n/10 Other mea-sures of com-plete-ness: [][][]\T1/zi4/m/n/10 assess
_completeness[][][]()[]\T1/ptm/m/n/10 , [][][]\T1/zi4/m/n/10 compare_completene
ss[][][]()[]\T1/ptm/m/n/10 , [][][]\T1/zi4/m/n/10 completeness_heatmap[][][]()[
]\T1/ptm/m/n/10 ,
[47] [48]
Overfull \hbox (20.79959pt too wide) in paragraph at lines 2855--2859
[]\T1/ptm/m/n/10 Other high level func-tion-al-ity: [][][]\T1/zi4/m/n/10 apply_
quality_ctrl[][][]()[]\T1/ptm/m/n/10 , [][][]\T1/zi4/m/n/10 assess_quality[][][
]()[]\T1/ptm/m/n/10 , [][][]\T1/zi4/m/n/10 semantic_enrichment[][][]() 
[49] [50]
Overfull \hbox (74.78928pt too wide) in paragraph at lines 2937--2943
[]\T1/ptm/m/n/10 Other mea-sures of com-plete-ness: [][][]\T1/zi4/m/n/10 assess
_completeness[][][]()[]\T1/ptm/m/n/10 , [][][]\T1/zi4/m/n/10 compare_completene
ss[][][]()[]\T1/ptm/m/n/10 , [][][]\T1/zi4/m/n/10 completeness_heatmap[][][]()[
]\T1/ptm/m/n/10 ,
[51]
Overfull \hbox (88.26692pt too wide) in paragraph at lines 3005--3013
\T1/ptm/m/n/10 their most in-for-ma-tive com-mon an-ces-tor. Meta-variables are
 la-belled us-ing the syn-tax: []\T1/zi4/m/n/10 MV_[label_attr]_[Aggregation

Overfull \hbox (79.31564pt too wide) in paragraph at lines 3020--3026
\T1/ptm/m/n/10 is-sue with 'tidy-graph' which may be re-solved in a fu-ture re-
lease: <https://github.com/thomasp85/tidygraph/issues/131>.

Overfull \hbox (111.67549pt too wide) in paragraph at lines 3020--3026
\T1/ptm/m/n/10 to be an is-sue with 'tidy-graph' which may be re-solved in a fu
-ture re-lease: <https://github.com/thomasp85/tidygraph/issues/156>.

Overfull \hbox (20.79959pt too wide) in paragraph at lines 3029--3033
[]\T1/ptm/m/n/10 Other high level func-tion-al-ity: [][][]\T1/zi4/m/n/10 apply_
quality_ctrl[][][]()[]\T1/ptm/m/n/10 , [][][]\T1/zi4/m/n/10 assess_quality[][][
]()[]\T1/ptm/m/n/10 , [][][]\T1/zi4/m/n/10 review_quality_ctrl[][][]() 
[52] [53]
Overfull \hbox (8.05658pt too wide) in paragraph at lines 3131--3133
[]\T1/ptm/m/n/10 Feinerer I, Hornik K (2020). _tm: Text Min-ing Pack-age_. R pa
ck-age ver-sion 0.7-8, <https://CRAN.R-
[54]
Overfull \hbox (8.05658pt too wide) in paragraph at lines 3206--3208
[]\T1/ptm/m/n/10 Feinerer I, Hornik K (2020). _tm: Text Min-ing Pack-age_. R pa
ck-age ver-sion 0.7-8, <https://CRAN.R-
[55]
Overfull \hbox (8.05658pt too wide) in paragraph at lines 3290--3292
[]\T1/ptm/m/n/10 Feinerer I, Hornik K (2020). _tm: Text Min-ing Pack-age_. R pa
ck-age ver-sion 0.7-8, <https://CRAN.R-
[56] [57] [58]
Overfull \hbox (0.76248pt too wide) in paragraph at lines 3473--3473
 []\T1/zi4/m/n/9 bean_rules <- tibble::tribble(~varA, ~varB, ~lgl_test, ~varA_b
oundaries, ~varB_boundaries,[] 
[59] [60]
Overfull \hbox (0.45734pt too wide) in paragraph at lines 3567--3570
[]\T1/ptm/m/n/10 A scal-ing fac-tor (ex-po-nent) ap-plied to the vari-able band
-width cal-cu-la-tion. Larger
[61]
Overfull \hbox (74.78928pt too wide) in paragraph at lines 3622--3628
[]\T1/ptm/m/n/10 Other mea-sures of com-plete-ness: [][][]\T1/zi4/m/n/10 assess
_completeness[][][]()[]\T1/ptm/m/n/10 , [][][]\T1/zi4/m/n/10 compare_completene
ss[][][]()[]\T1/ptm/m/n/10 , [][][]\T1/zi4/m/n/10 completeness_heatmap[][][]()[
]\T1/ptm/m/n/10 ,
[62] [63]
(/private/var/folders/4y/h4jdmmt969184lmkpsr8h1hc0000gp/T/RtmpvKKIKG/Rd2pdfbb2a
58142704/Rd2.ind [64]

LaTeX Font Warning: Font shape `T1/zi4/m/it' undefined
(Font)              using `T1/zi4/m/n' instead on input line 92.

[65] [66])
(/private/var/folders/4y/h4jdmmt969184lmkpsr8h1hc0000gp/T/RtmpvKKIKG/Rd2pdfbb2a
58142704/Rd2.aux)

LaTeX Font Warning: Some font shapes were not available, defaults substituted.

 )
(see the transcript file for additional information)
pdfTeX warning (dest): name{Rfn.regex} has been referenced but does not exist, 
replaced by a fixed one


pdfTeX warning (dest): name{Rfn.grepl} has been referenced but does not exist, 
replaced by a fixed one


pdfTeX warning (dest): name{Rfn.coalesce} has been referenced but does not exis
t, replaced by a fixed one


pdfTeX warning (dest): name{Rfn.read.Rul.tsv} has been referenced but does not 
exist, replaced by a fixed one


pdfTeX warning (dest): name{Rfn.read.Rul.csv} has been referenced but does not 
exist, replaced by a fixed one


pdfTeX warning (dest): name{Rfn.read.Rul.excel} has been referenced but does no
t exist, replaced by a fixed one


pdfTeX warning (dest): name{Rfn.tokens.Rul.ngrams} has been referenced but does
 not exist, replaced by a fixed one


pdfTeX warning (dest): name{Rfn.write.Rul.tsv} has been referenced but does not
 exist, replaced by a fixed one


pdfTeX warning (dest): name{Rfn.write.Rul.csv} has been referenced but does not
 exist, replaced by a fixed one


pdfTeX warning (dest): name{Rfn.tidy.Rdash.select} has been referenced but does
 not exist, replaced by a fixed one


pdfTeX warning (dest): name{Rfn.tidygraph} has been referenced but does not exi
st, replaced by a fixed one


pdfTeX warning (dest): name{Rfn.pheatmap} has been referenced but does not exis
t, replaced by a fixed one


pdfTeX warning (dest): name{Rfn.cell.Rul.spec} has been referenced but does not
 exist, replaced by a fixed one


pdfTeX warning (dest): name{Rfn.kable} has been referenced but does not exist, 
replaced by a fixed one

</usr/local/texlive/2024/texmf-dist/fonts/type1/public/inconsolata/Inconsolata-
zi4r.pfb></usr/local/texlive/2024/texmf-dist/fonts/type1/public/amsfonts/cm/cmm
i10.pfb></usr/local/texlive/2024/texmf-dist/fonts/type1/public/amsfonts/cm/cmr1
0.pfb></usr/local/texlive/2024/texmf-dist/fonts/type1/public/amsfonts/cm/cmsy10
.pfb></usr/local/texlive/2024/texmf-dist/fonts/type1/public/cm-super/sftt0900.p
fb></usr/local/texlive/2024/texmf-dist/fonts/type1/urw/helvetic/uhvr8a.pfb></us
r/local/texlive/2024/texmf-dist/fonts/type1/urw/times/utmb8a.pfb></usr/local/te
xlive/2024/texmf-dist/fonts/type1/urw/times/utmr8a.pfb></usr/local/texlive/2024
/texmf-dist/fonts/type1/urw/times/utmr8a.pfb></usr/local/texlive/2024/texmf-dis
t/fonts/type1/urw/times/utmri8a.pfb>
Output written on Rd2.pdf (66 pages, 277937 bytes).
Transcript written on Rd2.log.
Saving output to eHDPrep-manual.pdf ...
Done
You may want to clean up by 'rm -Rf /var/folders/4y/h4jdmmt969184lmkpsr8h1hc0000gp/T//RtmpvKKIKG/Rd2pdfbb2a58142704'
